# 2-hour soak — started 2026-04-24T17:36:06-07:00
# host=xilinx-k26-kv kernel=5.15.36-xilinx-v2022.2
# server.log=/home/petalinux/soaklog/soak2h_server_20260424_173606.log
# login=302
# zone_set ch0: {"ok":true,"zones":[{"h":324,"name":"centre_ch0","type":"rect","w":576,"x":192,"y":108}]}
# zone_set ch1: {"ok":true,"zones":[{"h":324,"name":"centre_ch1","type":"rect","w":576,"x":192,"y":108}]}
# zone_set ch2: {"ok":true,"zones":[{"h":324,"name":"centre_ch2","type":"rect","w":576,"x":192,"y":108}]}
# zone_set ch3: {"ok":true,"zones":[{"h":324,"name":"centre_ch3","type":"rect","w":576,"x":192,"y":108}]}
# led_mode_set: {"message":"led_mode=rpu","mode":"rpu","ok":true}
# start#1 2026-04-24T17:36:24-07:00: {"message":"Pipeline started (4 channels)","ok":true}
t=2026-04-24T17:36:39-07:00 n=1 running=True ch0=22.48 ch1=23.52 ch2=23.11 ch3=23.26 rss_kb=2756 srv_cpu=0.0 loadavg=3.33 temp_c=36.3 mode=rpu rpu_link=True pins=1,1,1,1 shm_ok=True shm_magic=1514947908 shm_seq=77366 shm_flags=15 alerts_active=1 events_tail=1 rpu_conf=0,0,0,0 rpu_rtt_ms=-,-,-,-
t=2026-04-24T17:37:10-07:00 n=2 running=True ch0=23.44 ch1=23.62 ch2=23.67 ch3=23.58 rss_kb=2756 srv_cpu=0.0 loadavg=3.76 temp_c=37.2 mode=rpu rpu_link=False pins=1,1,1,1 shm_ok=True shm_magic=1514947908 shm_seq=77462 shm_flags=15 alerts_active=4 events_tail=4 rpu_conf=0,0,0,0 rpu_rtt_ms=-,-,-,-
t=2026-04-24T17:37:40-07:00 n=3 running=False ch0=- ch1=- ch2=- ch3=- rss_kb=2756 srv_cpu=0.0 loadavg=2.28 temp_c=35.0 mode=rpu rpu_link=False pins=0,0,0,0 shm_ok=True shm_magic=1514947908 shm_seq=77470 shm_flags=0 alerts_active=0 events_tail=8 rpu_conf=0,0,0,0 rpu_rtt_ms=-,-,-,-
# restart#1 2026-04-24T17:37:44-07:00: {"message":"Pipeline started (4 channels)","ok":true}
t=2026-04-24T17:38:26-07:00 n=4 running=True ch0=23.77 ch1=23.72 ch2=23.95 ch3=23.93 rss_kb=2756 srv_cpu=0.0 loadavg=2.92 temp_c=37.0 mode=rpu rpu_link=False pins=1,1,1,1 shm_ok=True shm_magic=1514947908 shm_seq=77593 shm_flags=15 alerts_active=4 events_tail=12 rpu_conf=0,0,0,0 rpu_rtt_ms=-,-,-,-
t=2026-04-24T17:38:56-07:00 n=5 running=False ch0=- ch1=- ch2=- ch3=- rss_kb=2756 srv_cpu=0.0 loadavg=1.88 temp_c=35.7 mode=rpu rpu_link=False pins=0,0,0,0 shm_ok=True shm_magic=1514947908 shm_seq=77610 shm_flags=0 alerts_active=0 events_tail=16 rpu_conf=0,0,0,0 rpu_rtt_ms=-,-,-,-
# restart#2 2026-04-24T17:39:00-07:00: {"message":"Pipeline started (4 channels)","ok":true}
t=2026-04-24T17:39:42-07:00 n=6 running=True ch0=23.09 ch1=23.07 ch2=22.99 ch3=23.35 rss_kb=2756 srv_cpu=0.0 loadavg=3.87 temp_c=37.3 mode=rpu rpu_link=False pins=1,1,1,1 shm_ok=True shm_magic=1514947908 shm_seq=77730 shm_flags=15 alerts_active=4 events_tail=20 rpu_conf=0,0,0,0 rpu_rtt_ms=-,-,-,-
t=2026-04-24T17:40:13-07:00 n=7 running=False ch0=- ch1=- ch2=- ch3=- rss_kb=2756 srv_cpu=0.0 loadavg=2.45 temp_c=33.9 mode=rpu rpu_link=False pins=0,0,0,0 shm_ok=True shm_magic=1514947908 shm_seq=77750 shm_flags=0 alerts_active=0 events_tail=24 rpu_conf=0,0,0,0 rpu_rtt_ms=-,-,-,-
# restart#3 2026-04-24T17:40:17-07:00: {"message":"Pipeline started (4 channels)","ok":true}
t=2026-04-24T17:40:59-07:00 n=8 running=True ch0=23.85 ch1=23.68 ch2=24.00 ch3=23.85 rss_kb=2756 srv_cpu=0.0 loadavg=3.87 temp_c=36.9 mode=rpu rpu_link=False pins=1,1,1,1 shm_ok=True shm_magic=1514947908 shm_seq=77874 shm_flags=15 alerts_active=4 events_tail=28 rpu_conf=0,0,0,0 rpu_rtt_ms=-,-,-,-
t=2026-04-24T17:41:29-07:00 n=9 running=False ch0=- ch1=- ch2=- ch3=- rss_kb=2756 srv_cpu=0.0 loadavg=2.56 temp_c=35.2 mode=rpu rpu_link=False pins=0,0,0,0 shm_ok=True shm_magic=1514947908 shm_seq=77890 shm_flags=0 alerts_active=0 events_tail=30 rpu_conf=0,0,0,0 rpu_rtt_ms=-,-,-,-
# restart#4 2026-04-24T17:41:33-07:00: {"message":"Pipeline started (4 channels)","ok":true}
t=2026-04-24T17:42:15-07:00 n=10 running=True ch0=23.98 ch1=24.03 ch2=23.76 ch3=23.81 rss_kb=2756 srv_cpu=0.0 loadavg=3.33 temp_c=39.3 mode=rpu rpu_link=False pins=1,1,1,1 shm_ok=True shm_magic=1514947908 shm_seq=78013 shm_flags=15 alerts_active=4 events_tail=30 rpu_conf=0,0,0,0 rpu_rtt_ms=-,-,-,-
t=2026-04-24T17:42:45-07:00 n=11 running=False ch0=- ch1=- ch2=- ch3=- rss_kb=2756 srv_cpu=0.0 loadavg=2.12 temp_c=34.3 mode=rpu rpu_link=False pins=0,0,0,0 shm_ok=True shm_magic=1514947908 shm_seq=78030 shm_flags=0 alerts_active=0 events_tail=30 rpu_conf=0,0,0,0 rpu_rtt_ms=-,-,-,-
# restart#5 2026-04-24T17:42:49-07:00: {"message":"Pipeline started (4 channels)","ok":true}
t=2026-04-24T17:43:31-07:00 n=12 running=True ch0=23.93 ch1=23.74 ch2=23.82 ch3=23.67 rss_kb=2756 srv_cpu=0.0 loadavg=2.83 temp_c=37.5 mode=rpu rpu_link=False pins=1,1,1,1 shm_ok=True shm_magic=1514947908 shm_seq=78153 shm_flags=15 alerts_active=4 events_tail=30 rpu_conf=0,0,0,0 rpu_rtt_ms=-,-,-,-
t=2026-04-24T17:44:01-07:00 n=13 running=False ch0=- ch1=- ch2=- ch3=- rss_kb=2756 srv_cpu=0.0 loadavg=1.82 temp_c=35.5 mode=rpu rpu_link=False pins=0,0,0,0 shm_ok=True shm_magic=1514947908 shm_seq=78170 shm_flags=0 alerts_active=0 events_tail=30 rpu_conf=0,0,0,0 rpu_rtt_ms=-,-,-,-
# restart#6 2026-04-24T17:44:05-07:00: {"message":"Pipeline started (4 channels)","ok":true}
t=2026-04-24T17:44:47-07:00 n=14 running=True ch0=23.82 ch1=23.76 ch2=23.94 ch3=23.89 rss_kb=2756 srv_cpu=0.0 loadavg=2.50 temp_c=37.1 mode=rpu rpu_link=False pins=1,1,1,1 shm_ok=True shm_magic=1514947908 shm_seq=78293 shm_flags=15 alerts_active=4 events_tail=30 rpu_conf=0,0,0,0 rpu_rtt_ms=-,-,-,-
t=2026-04-24T17:45:17-07:00 n=15 running=False ch0=- ch1=- ch2=- ch3=- rss_kb=2756 srv_cpu=0.0 loadavg=1.68 temp_c=35.3 mode=rpu rpu_link=False pins=0,0,0,0 shm_ok=True shm_magic=1514947908 shm_seq=78310 shm_flags=0 alerts_active=0 events_tail=30 rpu_conf=0,0,0,0 rpu_rtt_ms=-,-,-,-
# restart#7 2026-04-24T17:45:21-07:00: {"message":"Pipeline started (4 channels)","ok":true}
t=2026-04-24T17:46:03-07:00 n=16 running=True ch0=23.97 ch1=23.77 ch2=23.83 ch3=24.01 rss_kb=2756 srv_cpu=0.0 loadavg=2.38 temp_c=36.1 mode=rpu rpu_link=False pins=1,1,1,1 shm_ok=True shm_magic=1514947908 shm_seq=78433 shm_flags=15 alerts_active=4 events_tail=30 rpu_conf=0,0,0,0 rpu_rtt_ms=-,-,-,-
t=2026-04-24T17:46:33-07:00 n=17 running=False ch0=- ch1=- ch2=- ch3=- rss_kb=2756 srv_cpu=0.0 loadavg=1.78 temp_c=35.1 mode=rpu rpu_link=False pins=0,0,0,0 shm_ok=True shm_magic=1514947908 shm_seq=78450 shm_flags=0 alerts_active=0 events_tail=30 rpu_conf=0,0,0,0 rpu_rtt_ms=-,-,-,-
# restart#8 2026-04-24T17:46:37-07:00: {"message":"Pipeline started (4 channels)","ok":true}
t=2026-04-24T17:47:19-07:00 n=18 running=True ch0=24.10 ch1=24.02 ch2=23.87 ch3=23.83 rss_kb=2756 srv_cpu=0.0 loadavg=2.72 temp_c=37.6 mode=rpu rpu_link=False pins=1,1,1,1 shm_ok=True shm_magic=1514947908 shm_seq=78573 shm_flags=15 alerts_active=4 events_tail=30 rpu_conf=0,0,0,0 rpu_rtt_ms=-,-,-,-
t=2026-04-24T17:47:49-07:00 n=19 running=False ch0=- ch1=- ch2=- ch3=- rss_kb=2756 srv_cpu=0.0 loadavg=2.02 temp_c=34.5 mode=rpu rpu_link=False pins=0,0,0,0 shm_ok=True shm_magic=1514947908 shm_seq=78590 shm_flags=0 alerts_active=0 events_tail=30 rpu_conf=0,0,0,0 rpu_rtt_ms=-,-,-,-
# restart#9 2026-04-24T17:47:53-07:00: {"message":"Pipeline started (4 channels)","ok":true}
t=2026-04-24T17:48:35-07:00 n=20 running=True ch0=23.85 ch1=24.03 ch2=23.94 ch3=23.98 rss_kb=2756 srv_cpu=0.0 loadavg=2.05 temp_c=38.4 mode=rpu rpu_link=False pins=1,1,1,1 shm_ok=True shm_magic=1514947908 shm_seq=78714 shm_flags=15 alerts_active=4 events_tail=30 rpu_conf=0,0,0,0 rpu_rtt_ms=-,-,-,-
t=2026-04-24T17:49:05-07:00 n=21 running=False ch0=- ch1=- ch2=- ch3=- rss_kb=2756 srv_cpu=0.0 loadavg=1.29 temp_c=36.0 mode=rpu rpu_link=False pins=0,0,0,0 shm_ok=True shm_magic=1514947908 shm_seq=78730 shm_flags=0 alerts_active=0 events_tail=30 rpu_conf=0,0,0,0 rpu_rtt_ms=-,-,-,-
# restart#10 2026-04-24T17:49:09-07:00: {"message":"Pipeline started (4 channels)","ok":true}
t=2026-04-24T17:49:51-07:00 n=22 running=True ch0=23.74 ch1=24.03 ch2=23.79 ch3=24.00 rss_kb=2756 srv_cpu=0.0 loadavg=3.20 temp_c=38.2 mode=rpu rpu_link=False pins=1,1,1,1 shm_ok=True shm_magic=1514947908 shm_seq=78853 shm_flags=15 alerts_active=4 events_tail=30 rpu_conf=0,0,0,0 rpu_rtt_ms=-,-,-,-
t=2026-04-24T17:50:21-07:00 n=23 running=False ch0=- ch1=- ch2=- ch3=- rss_kb=2756 srv_cpu=0.0 loadavg=2.04 temp_c=36.3 mode=rpu rpu_link=False pins=0,0,0,0 shm_ok=True shm_magic=1514947908 shm_seq=78870 shm_flags=0 alerts_active=0 events_tail=30 rpu_conf=0,0,0,0 rpu_rtt_ms=-,-,-,-
# restart#11 2026-04-24T17:50:25-07:00: {"message":"Pipeline started (4 channels)","ok":true}
t=2026-04-24T17:51:07-07:00 n=24 running=True ch0=23.89 ch1=23.79 ch2=24.01 ch3=23.85 rss_kb=2756 srv_cpu=0.0 loadavg=3.55 temp_c=37.1 mode=rpu rpu_link=False pins=1,1,1,1 shm_ok=True shm_magic=1514947908 shm_seq=78994 shm_flags=15 alerts_active=4 events_tail=30 rpu_conf=0,0,0,0 rpu_rtt_ms=-,-,-,-
t=2026-04-24T17:51:37-07:00 n=25 running=False ch0=- ch1=- ch2=- ch3=- rss_kb=2756 srv_cpu=0.0 loadavg=2.47 temp_c=34.5 mode=rpu rpu_link=False pins=0,0,0,0 shm_ok=True shm_magic=1514947908 shm_seq=79010 shm_flags=0 alerts_active=0 events_tail=30 rpu_conf=0,0,0,0 rpu_rtt_ms=-,-,-,-
# restart#12 2026-04-24T17:51:41-07:00: {"message":"Pipeline started (4 channels)","ok":true}
t=2026-04-24T17:52:23-07:00 n=26 running=True ch0=23.73 ch1=23.96 ch2=23.99 ch3=23.89 rss_kb=2756 srv_cpu=0.0 loadavg=3.16 temp_c=37.7 mode=rpu rpu_link=False pins=1,1,1,1 shm_ok=True shm_magic=1514947908 shm_seq=79133 shm_flags=15 alerts_active=4 events_tail=30 rpu_conf=0,0,0,0 rpu_rtt_ms=-,-,-,-
t=2026-04-24T17:52:53-07:00 n=27 running=False ch0=- ch1=- ch2=- ch3=- rss_kb=2756 srv_cpu=0.0 loadavg=2.02 temp_c=35.2 mode=rpu rpu_link=False pins=0,0,0,0 shm_ok=True shm_magic=1514947908 shm_seq=79150 shm_flags=0 alerts_active=0 events_tail=30 rpu_conf=0,0,0,0 rpu_rtt_ms=-,-,-,-
# restart#13 2026-04-24T17:52:57-07:00: {"message":"Pipeline started (4 channels)","ok":true}
t=2026-04-24T17:53:39-07:00 n=28 running=True ch0=23.85 ch1=23.93 ch2=23.93 ch3=24.00 rss_kb=2756 srv_cpu=0.0 loadavg=2.61 temp_c=37.6 mode=rpu rpu_link=False pins=1,1,1,1 shm_ok=True shm_magic=1514947908 shm_seq=79274 shm_flags=15 alerts_active=4 events_tail=30 rpu_conf=0,0,0,0 rpu_rtt_ms=-,-,-,-
t=2026-04-24T17:54:09-07:00 n=29 running=False ch0=- ch1=- ch2=- ch3=- rss_kb=2756 srv_cpu=0.0 loadavg=1.68 temp_c=35.3 mode=rpu rpu_link=False pins=0,0,0,0 shm_ok=True shm_magic=1514947908 shm_seq=79290 shm_flags=0 alerts_active=0 events_tail=30 rpu_conf=0,0,0,0 rpu_rtt_ms=-,-,-,-
# restart#14 2026-04-24T17:54:13-07:00: {"message":"Pipeline started (4 channels)","ok":true}
t=2026-04-24T17:54:55-07:00 n=30 running=True ch0=24.01 ch1=23.90 ch2=23.85 ch3=23.91 rss_kb=2756 srv_cpu=0.0 loadavg=2.65 temp_c=37.7 mode=rpu rpu_link=False pins=1,1,1,1 shm_ok=True shm_magic=1514947908 shm_seq=79414 shm_flags=15 alerts_active=4 events_tail=30 rpu_conf=0,0,0,0 rpu_rtt_ms=-,-,-,-
t=2026-04-24T17:55:25-07:00 n=31 running=False ch0=- ch1=- ch2=- ch3=- rss_kb=2756 srv_cpu=0.0 loadavg=1.98 temp_c=35.2 mode=rpu rpu_link=False pins=0,0,0,0 shm_ok=True shm_magic=1514947908 shm_seq=79430 shm_flags=0 alerts_active=0 events_tail=30 rpu_conf=0,0,0,0 rpu_rtt_ms=-,-,-,-
# restart#15 2026-04-24T17:55:29-07:00: {"message":"Pipeline started (4 channels)","ok":true}
t=2026-04-24T17:56:11-07:00 n=32 running=True ch0=23.95 ch1=23.89 ch2=23.60 ch3=24.00 rss_kb=2756 srv_cpu=0.0 loadavg=2.67 temp_c=36.3 mode=rpu rpu_link=False pins=1,1,1,1 shm_ok=True shm_magic=1514947908 shm_seq=79553 shm_flags=15 alerts_active=4 events_tail=30 rpu_conf=0,0,0,0 rpu_rtt_ms=-,-,-,-
t=2026-04-24T17:56:41-07:00 n=33 running=False ch0=- ch1=- ch2=- ch3=- rss_kb=2756 srv_cpu=0.0 loadavg=1.67 temp_c=35.8 mode=rpu rpu_link=False pins=0,0,0,0 shm_ok=True shm_magic=1514947908 shm_seq=79570 shm_flags=0 alerts_active=0 events_tail=30 rpu_conf=0,0,0,0 rpu_rtt_ms=-,-,-,-
# restart#16 2026-04-24T17:56:45-07:00: {"message":"Pipeline started (4 channels)","ok":true}
t=2026-04-24T17:57:27-07:00 n=34 running=True ch0=24.00 ch1=24.03 ch2=23.95 ch3=23.91 rss_kb=2756 srv_cpu=0.0 loadavg=2.37 temp_c=37.1 mode=rpu rpu_link=False pins=1,1,1,1 shm_ok=True shm_magic=1514947908 shm_seq=79694 shm_flags=15 alerts_active=4 events_tail=30 rpu_conf=0,0,0,0 rpu_rtt_ms=-,-,-,-
t=2026-04-24T17:57:57-07:00 n=35 running=False ch0=- ch1=- ch2=- ch3=- rss_kb=2756 srv_cpu=0.0 loadavg=1.71 temp_c=36.5 mode=rpu rpu_link=False pins=0,0,0,0 shm_ok=True shm_magic=1514947908 shm_seq=79710 shm_flags=0 alerts_active=0 events_tail=30 rpu_conf=0,0,0,0 rpu_rtt_ms=-,-,-,-
# restart#17 2026-04-24T17:58:01-07:00: {"message":"Pipeline started (4 channels)","ok":true}
t=2026-04-24T17:58:43-07:00 n=36 running=True ch0=23.98 ch1=23.96 ch2=24.09 ch3=23.91 rss_kb=2756 srv_cpu=0.0 loadavg=2.11 temp_c=38.6 mode=rpu rpu_link=False pins=1,1,1,1 shm_ok=True shm_magic=1514947908 shm_seq=79834 shm_flags=15 alerts_active=4 events_tail=30 rpu_conf=0,0,0,0 rpu_rtt_ms=-,-,-,-
t=2026-04-24T17:59:13-07:00 n=37 running=False ch0=- ch1=- ch2=- ch3=- rss_kb=2756 srv_cpu=0.0 loadavg=1.39 temp_c=34.5 mode=rpu rpu_link=False pins=0,0,0,0 shm_ok=True shm_magic=1514947908 shm_seq=79850 shm_flags=0 alerts_active=0 events_tail=30 rpu_conf=0,0,0,0 rpu_rtt_ms=-,-,-,-
# restart#18 2026-04-24T17:59:17-07:00: {"message":"Pipeline started (4 channels)","ok":true}
t=2026-04-24T17:59:59-07:00 n=38 running=True ch0=23.89 ch1=23.85 ch2=23.86 ch3=23.87 rss_kb=2756 srv_cpu=0.0 loadavg=2.99 temp_c=37.4 mode=rpu rpu_link=False pins=1,1,1,1 shm_ok=True shm_magic=1514947908 shm_seq=79974 shm_flags=15 alerts_active=4 events_tail=30 rpu_conf=0,0,0,0 rpu_rtt_ms=-,-,-,-
t=2026-04-24T18:00:29-07:00 n=39 running=False ch0=- ch1=- ch2=- ch3=- rss_kb=2756 srv_cpu=0.0 loadavg=1.92 temp_c=35.3 mode=rpu rpu_link=False pins=0,0,0,0 shm_ok=True shm_magic=1514947908 shm_seq=79990 shm_flags=0 alerts_active=0 events_tail=30 rpu_conf=0,0,0,0 rpu_rtt_ms=-,-,-,-
# restart#19 2026-04-24T18:00:33-07:00: {"message":"Pipeline started (4 channels)","ok":true}
t=2026-04-24T18:01:15-07:00 n=40 running=True ch0=23.93 ch1=23.87 ch2=24.08 ch3=23.94 rss_kb=2756 srv_cpu=0.0 loadavg=2.54 temp_c=36.8 mode=rpu rpu_link=False pins=1,1,1,1 shm_ok=True shm_magic=1514947908 shm_seq=80114 shm_flags=15 alerts_active=4 events_tail=30 rpu_conf=0,0,0,0 rpu_rtt_ms=-,-,-,-
t=2026-04-24T18:01:45-07:00 n=41 running=False ch0=- ch1=- ch2=- ch3=- rss_kb=2756 srv_cpu=0.0 loadavg=1.85 temp_c=34.3 mode=rpu rpu_link=False pins=0,0,0,0 shm_ok=True shm_magic=1514947908 shm_seq=80130 shm_flags=0 alerts_active=0 events_tail=30 rpu_conf=0,0,0,0 rpu_rtt_ms=-,-,-,-
# restart#20 2026-04-24T18:01:49-07:00: {"message":"Pipeline started (4 channels)","ok":true}
t=2026-04-24T18:02:31-07:00 n=42 running=True ch0=24.00 ch1=23.89 ch2=23.78 ch3=23.92 rss_kb=2756 srv_cpu=0.0 loadavg=3.28 temp_c=37.1 mode=rpu rpu_link=False pins=1,1,1,1 shm_ok=True shm_magic=1514947908 shm_seq=80254 shm_flags=15 alerts_active=4 events_tail=30 rpu_conf=0,0,0,0 rpu_rtt_ms=-,-,-,-
t=2026-04-24T18:03:01-07:00 n=43 running=False ch0=- ch1=- ch2=- ch3=- rss_kb=2756 srv_cpu=0.0 loadavg=2.14 temp_c=35.8 mode=rpu rpu_link=False pins=0,0,0,0 shm_ok=True shm_magic=1514947908 shm_seq=80270 shm_flags=0 alerts_active=0 events_tail=30 rpu_conf=0,0,0,0 rpu_rtt_ms=-,-,-,-
# restart#21 2026-04-24T18:03:05-07:00: {"message":"Pipeline started (4 channels)","ok":true}
t=2026-04-24T18:03:47-07:00 n=44 running=True ch0=24.01 ch1=23.91 ch2=24.00 ch3=23.91 rss_kb=2756 srv_cpu=0.0 loadavg=3.12 temp_c=36.7 mode=rpu rpu_link=False pins=1,1,1,1 shm_ok=True shm_magic=1514947908 shm_seq=80394 shm_flags=15 alerts_active=4 events_tail=30 rpu_conf=0,0,0,0 rpu_rtt_ms=-,-,-,-
t=2026-04-24T18:04:17-07:00 n=45 running=False ch0=- ch1=- ch2=- ch3=- rss_kb=2756 srv_cpu=0.0 loadavg=2.21 temp_c=35.1 mode=rpu rpu_link=False pins=0,0,0,0 shm_ok=True shm_magic=1514947908 shm_seq=80410 shm_flags=0 alerts_active=0 events_tail=30 rpu_conf=0,0,0,0 rpu_rtt_ms=-,-,-,-
# restart#22 2026-04-24T18:04:21-07:00: {"message":"Pipeline started (4 channels)","ok":true}
t=2026-04-24T18:05:03-07:00 n=46 running=True ch0=23.92 ch1=24.00 ch2=23.84 ch3=23.76 rss_kb=2756 srv_cpu=0.0 loadavg=3.24 temp_c=37.7 mode=rpu rpu_link=False pins=1,1,1,1 shm_ok=True shm_magic=1514947908 shm_seq=80534 shm_flags=15 alerts_active=4 events_tail=30 rpu_conf=0,0,0,0 rpu_rtt_ms=-,-,-,-
t=2026-04-24T18:05:33-07:00 n=47 running=False ch0=- ch1=- ch2=- ch3=- rss_kb=2756 srv_cpu=0.0 loadavg=2.28 temp_c=34.9 mode=rpu rpu_link=False pins=0,0,0,0 shm_ok=True shm_magic=1514947908 shm_seq=80550 shm_flags=0 alerts_active=0 events_tail=30 rpu_conf=0,0,0,0 rpu_rtt_ms=-,-,-,-
# restart#23 2026-04-24T18:05:37-07:00: {"message":"Pipeline started (4 channels)","ok":true}
t=2026-04-24T18:06:19-07:00 n=48 running=True ch0=23.63 ch1=23.87 ch2=23.93 ch3=23.96 rss_kb=2756 srv_cpu=0.0 loadavg=2.68 temp_c=36.9 mode=rpu rpu_link=False pins=1,1,1,1 shm_ok=True shm_magic=1514947908 shm_seq=80674 shm_flags=15 alerts_active=4 events_tail=30 rpu_conf=0,0,0,0 rpu_rtt_ms=-,-,-,-
t=2026-04-24T18:06:49-07:00 n=49 running=False ch0=- ch1=- ch2=- ch3=- rss_kb=2756 srv_cpu=0.0 loadavg=1.73 temp_c=34.0 mode=rpu rpu_link=False pins=0,0,0,0 shm_ok=True shm_magic=1514947908 shm_seq=80690 shm_flags=0 alerts_active=0 events_tail=30 rpu_conf=0,0,0,0 rpu_rtt_ms=-,-,-,-
# restart#24 2026-04-24T18:06:53-07:00: {"message":"Pipeline started (4 channels)","ok":true}
t=2026-04-24T18:07:35-07:00 n=50 running=True ch0=23.81 ch1=23.85 ch2=23.98 ch3=23.94 rss_kb=2756 srv_cpu=0.0 loadavg=2.43 temp_c=37.7 mode=rpu rpu_link=False pins=1,1,1,1 shm_ok=True shm_magic=1514947908 shm_seq=80814 shm_flags=15 alerts_active=4 events_tail=30 rpu_conf=0,0,0,0 rpu_rtt_ms=-,-,-,-
t=2026-04-24T18:08:05-07:00 n=51 running=False ch0=- ch1=- ch2=- ch3=- rss_kb=2756 srv_cpu=0.0 loadavg=1.79 temp_c=35.0 mode=rpu rpu_link=False pins=0,0,0,0 shm_ok=True shm_magic=1514947908 shm_seq=80830 shm_flags=0 alerts_active=0 events_tail=30 rpu_conf=0,0,0,0 rpu_rtt_ms=-,-,-,-
# restart#25 2026-04-24T18:08:09-07:00: {"message":"Pipeline started (4 channels)","ok":true}
t=2026-04-24T18:08:51-07:00 n=52 running=True ch0=24.00 ch1=23.73 ch2=23.70 ch3=23.94 rss_kb=2756 srv_cpu=0.0 loadavg=2.55 temp_c=37.2 mode=rpu rpu_link=False pins=1,1,1,1 shm_ok=True shm_magic=1514947908 shm_seq=80953 shm_flags=15 alerts_active=4 events_tail=30 rpu_conf=0,0,0,0 rpu_rtt_ms=-,-,-,-
t=2026-04-24T18:09:21-07:00 n=53 running=False ch0=- ch1=- ch2=- ch3=- rss_kb=2756 srv_cpu=0.0 loadavg=1.70 temp_c=35.4 mode=rpu rpu_link=False pins=0,0,0,0 shm_ok=True shm_magic=1514947908 shm_seq=80970 shm_flags=0 alerts_active=0 events_tail=30 rpu_conf=0,0,0,0 rpu_rtt_ms=-,-,-,-
# restart#26 2026-04-24T18:09:25-07:00: {"message":"Pipeline started (4 channels)","ok":true}
t=2026-04-24T18:10:07-07:00 n=54 running=True ch0=23.80 ch1=23.94 ch2=23.87 ch3=24.00 rss_kb=2756 srv_cpu=0.0 loadavg=2.55 temp_c=36.8 mode=rpu rpu_link=False pins=1,1,1,1 shm_ok=True shm_magic=1514947908 shm_seq=81093 shm_flags=15 alerts_active=4 events_tail=30 rpu_conf=0,0,0,0 rpu_rtt_ms=-,-,-,-
t=2026-04-24T18:10:37-07:00 n=55 running=False ch0=- ch1=- ch2=- ch3=- rss_kb=2756 srv_cpu=0.0 loadavg=1.65 temp_c=34.6 mode=rpu rpu_link=False pins=0,0,0,0 shm_ok=True shm_magic=1514947908 shm_seq=81110 shm_flags=0 alerts_active=0 events_tail=30 rpu_conf=0,0,0,0 rpu_rtt_ms=-,-,-,-
# restart#27 2026-04-24T18:10:41-07:00: {"message":"Pipeline started (4 channels)","ok":true}
t=2026-04-24T18:11:23-07:00 n=56 running=True ch0=23.79 ch1=23.89 ch2=23.89 ch3=23.72 rss_kb=2756 srv_cpu=0.0 loadavg=2.59 temp_c=35.8 mode=rpu rpu_link=False pins=1,1,1,1 shm_ok=True shm_magic=1514947908 shm_seq=81234 shm_flags=15 alerts_active=4 events_tail=30 rpu_conf=0,0,0,0 rpu_rtt_ms=-,-,-,-
t=2026-04-24T18:11:53-07:00 n=57 running=False ch0=- ch1=- ch2=- ch3=- rss_kb=2756 srv_cpu=0.0 loadavg=1.73 temp_c=35.6 mode=rpu rpu_link=False pins=0,0,0,0 shm_ok=True shm_magic=1514947908 shm_seq=81250 shm_flags=0 alerts_active=0 events_tail=30 rpu_conf=0,0,0,0 rpu_rtt_ms=-,-,-,-
# restart#28 2026-04-24T18:11:57-07:00: {"message":"Pipeline started (4 channels)","ok":true}
t=2026-04-24T18:12:39-07:00 n=58 running=True ch0=24.01 ch1=23.84 ch2=23.94 ch3=23.96 rss_kb=2756 srv_cpu=0.0 loadavg=2.42 temp_c=36.0 mode=rpu rpu_link=False pins=1,1,1,1 shm_ok=True shm_magic=1514947908 shm_seq=81373 shm_flags=15 alerts_active=4 events_tail=30 rpu_conf=0,0,0,0 rpu_rtt_ms=-,-,-,-
t=2026-04-24T18:13:09-07:00 n=59 running=False ch0=- ch1=- ch2=- ch3=- rss_kb=2756 srv_cpu=0.0 loadavg=1.62 temp_c=33.9 mode=rpu rpu_link=False pins=0,0,0,0 shm_ok=True shm_magic=1514947908 shm_seq=81390 shm_flags=0 alerts_active=0 events_tail=30 rpu_conf=0,0,0,0 rpu_rtt_ms=-,-,-,-
# restart#29 2026-04-24T18:13:13-07:00: {"message":"Pipeline started (4 channels)","ok":true}
t=2026-04-24T18:13:55-07:00 n=60 running=True ch0=23.96 ch1=23.82 ch2=23.72 ch3=24.13 rss_kb=2756 srv_cpu=0.0 loadavg=2.45 temp_c=36.9 mode=rpu rpu_link=False pins=1,1,1,1 shm_ok=True shm_magic=1514947908 shm_seq=81513 shm_flags=15 alerts_active=4 events_tail=30 rpu_conf=0,0,0,0 rpu_rtt_ms=-,-,-,-
t=2026-04-24T18:14:25-07:00 n=61 running=False ch0=- ch1=- ch2=- ch3=- rss_kb=2756 srv_cpu=0.0 loadavg=1.59 temp_c=35.0 mode=rpu rpu_link=False pins=0,0,0,0 shm_ok=True shm_magic=1514947908 shm_seq=81530 shm_flags=0 alerts_active=0 events_tail=30 rpu_conf=0,0,0,0 rpu_rtt_ms=-,-,-,-
# restart#30 2026-04-24T18:14:29-07:00: {"message":"Pipeline started (4 channels)","ok":true}
t=2026-04-24T18:15:11-07:00 n=62 running=True ch0=23.81 ch1=23.96 ch2=23.83 ch3=23.96 rss_kb=2756 srv_cpu=0.0 loadavg=1.95 temp_c=36.7 mode=rpu rpu_link=False pins=1,1,1,1 shm_ok=True shm_magic=1514947908 shm_seq=81652 shm_flags=15 alerts_active=4 events_tail=30 rpu_conf=0,0,0,0 rpu_rtt_ms=-,-,-,-
t=2026-04-24T18:15:41-07:00 n=63 running=False ch0=- ch1=- ch2=- ch3=- rss_kb=2756 srv_cpu=0.0 loadavg=1.51 temp_c=35.9 mode=rpu rpu_link=False pins=0,0,0,0 shm_ok=True shm_magic=1514947908 shm_seq=81670 shm_flags=0 alerts_active=0 events_tail=30 rpu_conf=0,0,0,0 rpu_rtt_ms=-,-,-,-
# restart#31 2026-04-24T18:15:45-07:00: {"message":"Pipeline started (4 channels)","ok":true}
t=2026-04-24T18:16:27-07:00 n=64 running=True ch0=23.98 ch1=23.84 ch2=23.85 ch3=23.98 rss_kb=2756 srv_cpu=0.0 loadavg=3.00 temp_c=37.0 mode=rpu rpu_link=False pins=1,1,1,1 shm_ok=True shm_magic=1514947908 shm_seq=81794 shm_flags=15 alerts_active=4 events_tail=30 rpu_conf=0,0,0,0 rpu_rtt_ms=-,-,-,-
t=2026-04-24T18:16:57-07:00 n=65 running=False ch0=- ch1=- ch2=- ch3=- rss_kb=2756 srv_cpu=0.0 loadavg=1.87 temp_c=35.2 mode=rpu rpu_link=False pins=0,0,0,0 shm_ok=True shm_magic=1514947908 shm_seq=81810 shm_flags=0 alerts_active=0 events_tail=30 rpu_conf=0,0,0,0 rpu_rtt_ms=-,-,-,-
# restart#32 2026-04-24T18:17:01-07:00: {"message":"Pipeline started (4 channels)","ok":true}
t=2026-04-24T18:17:43-07:00 n=66 running=True ch0=23.83 ch1=23.72 ch2=23.91 ch3=24.00 rss_kb=2756 srv_cpu=0.0 loadavg=2.84 temp_c=36.9 mode=rpu rpu_link=False pins=1,1,1,1 shm_ok=True shm_magic=1514947908 shm_seq=81934 shm_flags=15 alerts_active=4 events_tail=30 rpu_conf=0,0,0,0 rpu_rtt_ms=-,-,-,-
t=2026-04-24T18:18:13-07:00 n=67 running=False ch0=- ch1=- ch2=- ch3=- rss_kb=2756 srv_cpu=0.0 loadavg=1.83 temp_c=35.2 mode=rpu rpu_link=False pins=0,0,0,0 shm_ok=True shm_magic=1514947908 shm_seq=81950 shm_flags=0 alerts_active=0 events_tail=30 rpu_conf=0,0,0,0 rpu_rtt_ms=-,-,-,-
# restart#33 2026-04-24T18:18:17-07:00: {"message":"Pipeline started (4 channels)","ok":true}
t=2026-04-24T18:18:59-07:00 n=68 running=True ch0=23.92 ch1=23.96 ch2=23.84 ch3=24.07 rss_kb=2756 srv_cpu=0.0 loadavg=2.35 temp_c=36.5 mode=rpu rpu_link=False pins=1,1,1,1 shm_ok=True shm_magic=1514947908 shm_seq=82074 shm_flags=15 alerts_active=4 events_tail=30 rpu_conf=0,0,0,0 rpu_rtt_ms=-,-,-,-
t=2026-04-24T18:19:29-07:00 n=69 running=False ch0=- ch1=- ch2=- ch3=- rss_kb=2756 srv_cpu=0.0 loadavg=1.64 temp_c=35.4 mode=rpu rpu_link=False pins=0,0,0,0 shm_ok=True shm_magic=1514947908 shm_seq=82090 shm_flags=0 alerts_active=0 events_tail=30 rpu_conf=0,0,0,0 rpu_rtt_ms=-,-,-,-
# restart#34 2026-04-24T18:19:33-07:00: {"message":"Pipeline started (4 channels)","ok":true}
t=2026-04-24T18:20:15-07:00 n=70 running=True ch0=23.76 ch1=23.94 ch2=23.90 ch3=23.80 rss_kb=2756 srv_cpu=0.0 loadavg=2.54 temp_c=36.4 mode=rpu rpu_link=False pins=1,1,1,1 shm_ok=True shm_magic=1514947908 shm_seq=82213 shm_flags=15 alerts_active=4 events_tail=30 rpu_conf=0,0,0,0 rpu_rtt_ms=-,-,-,-
t=2026-04-24T18:20:45-07:00 n=71 running=False ch0=- ch1=- ch2=- ch3=- rss_kb=2756 srv_cpu=0.0 loadavg=1.64 temp_c=35.2 mode=rpu rpu_link=False pins=0,0,0,0 shm_ok=True shm_magic=1514947908 shm_seq=82230 shm_flags=0 alerts_active=0 events_tail=30 rpu_conf=0,0,0,0 rpu_rtt_ms=-,-,-,-
# restart#35 2026-04-24T18:20:49-07:00: {"message":"Pipeline started (4 channels)","ok":true}
t=2026-04-24T18:21:31-07:00 n=72 running=True ch0=23.88 ch1=23.74 ch2=23.95 ch3=24.07 rss_kb=2756 srv_cpu=0.0 loadavg=2.53 temp_c=38.6 mode=rpu rpu_link=False pins=1,1,1,1 shm_ok=True shm_magic=1514947908 shm_seq=82354 shm_flags=15 alerts_active=4 events_tail=30 rpu_conf=0,0,0,0 rpu_rtt_ms=-,-,-,-
t=2026-04-24T18:22:01-07:00 n=73 running=False ch0=- ch1=- ch2=- ch3=- rss_kb=2756 srv_cpu=0.0 loadavg=1.69 temp_c=33.4 mode=rpu rpu_link=False pins=0,0,0,0 shm_ok=True shm_magic=1514947908 shm_seq=82370 shm_flags=0 alerts_active=0 events_tail=30 rpu_conf=0,0,0,0 rpu_rtt_ms=-,-,-,-
# restart#36 2026-04-24T18:22:05-07:00: {"message":"Pipeline started (4 channels)","ok":true}
t=2026-04-24T18:22:47-07:00 n=74 running=True ch0=24.03 ch1=23.86 ch2=23.88 ch3=23.92 rss_kb=2756 srv_cpu=0.0 loadavg=3.24 temp_c=36.1 mode=rpu rpu_link=False pins=1,1,1,1 shm_ok=True shm_magic=1514947908 shm_seq=82494 shm_flags=15 alerts_active=4 events_tail=30 rpu_conf=0,0,0,0 rpu_rtt_ms=-,-,-,-
t=2026-04-24T18:23:17-07:00 n=75 running=False ch0=- ch1=- ch2=- ch3=- rss_kb=2756 srv_cpu=0.0 loadavg=2.15 temp_c=35.1 mode=rpu rpu_link=False pins=0,0,0,0 shm_ok=True shm_magic=1514947908 shm_seq=82510 shm_flags=0 alerts_active=0 events_tail=30 rpu_conf=0,0,0,0 rpu_rtt_ms=-,-,-,-
# restart#37 2026-04-24T18:23:21-07:00: {"message":"Pipeline started (4 channels)","ok":true}
t=2026-04-24T18:24:03-07:00 n=76 running=True ch0=23.94 ch1=24.00 ch2=23.97 ch3=23.77 rss_kb=2756 srv_cpu=0.0 loadavg=2.85 temp_c=36.1 mode=rpu rpu_link=False pins=1,1,1,1 shm_ok=True shm_magic=1514947908 shm_seq=82634 shm_flags=15 alerts_active=4 events_tail=30 rpu_conf=0,0,0,0 rpu_rtt_ms=-,-,-,-
t=2026-04-24T18:24:33-07:00 n=77 running=False ch0=- ch1=- ch2=- ch3=- rss_kb=2756 srv_cpu=0.0 loadavg=1.83 temp_c=33.6 mode=rpu rpu_link=False pins=0,0,0,0 shm_ok=True shm_magic=1514947908 shm_seq=82650 shm_flags=0 alerts_active=0 events_tail=30 rpu_conf=0,0,0,0 rpu_rtt_ms=-,-,-,-
# restart#38 2026-04-24T18:24:37-07:00: {"message":"Pipeline started (4 channels)","ok":true}
t=2026-04-24T18:25:19-07:00 n=78 running=True ch0=23.93 ch1=23.96 ch2=23.90 ch3=23.75 rss_kb=2756 srv_cpu=0.0 loadavg=2.83 temp_c=36.7 mode=rpu rpu_link=False pins=1,1,1,1 shm_ok=True shm_magic=1514947908 shm_seq=82774 shm_flags=15 alerts_active=4 events_tail=30 rpu_conf=0,0,0,0 rpu_rtt_ms=-,-,-,-
t=2026-04-24T18:25:50-07:00 n=79 running=False ch0=- ch1=- ch2=- ch3=- rss_kb=2756 srv_cpu=0.0 loadavg=1.97 temp_c=34.5 mode=rpu rpu_link=False pins=0,0,0,0 shm_ok=True shm_magic=1514947908 shm_seq=82790 shm_flags=0 alerts_active=0 events_tail=30 rpu_conf=0,0,0,0 rpu_rtt_ms=-,-,-,-
# restart#39 2026-04-24T18:25:53-07:00: {"message":"Pipeline started (4 channels)","ok":true}
t=2026-04-24T18:26:35-07:00 n=80 running=True ch0=23.71 ch1=23.96 ch2=23.87 ch3=24.02 rss_kb=2756 srv_cpu=0.0 loadavg=3.06 temp_c=37.8 mode=rpu rpu_link=False pins=1,1,1,1 shm_ok=True shm_magic=1514947908 shm_seq=82914 shm_flags=15 alerts_active=4 events_tail=30 rpu_conf=0,0,0,0 rpu_rtt_ms=-,-,-,-
t=2026-04-24T18:27:06-07:00 n=81 running=False ch0=- ch1=- ch2=- ch3=- rss_kb=2756 srv_cpu=0.0 loadavg=1.96 temp_c=35.9 mode=rpu rpu_link=False pins=0,0,0,0 shm_ok=True shm_magic=1514947908 shm_seq=82930 shm_flags=0 alerts_active=0 events_tail=30 rpu_conf=0,0,0,0 rpu_rtt_ms=-,-,-,-
# restart#40 2026-04-24T18:27:09-07:00: {"message":"Pipeline started (4 channels)","ok":true}
t=2026-04-24T18:27:51-07:00 n=82 running=True ch0=24.07 ch1=23.95 ch2=23.67 ch3=23.95 rss_kb=2756 srv_cpu=0.0 loadavg=2.60 temp_c=36.6 mode=rpu rpu_link=False pins=1,1,1,1 shm_ok=True shm_magic=1514947908 shm_seq=83054 shm_flags=15 alerts_active=4 events_tail=30 rpu_conf=0,0,0,0 rpu_rtt_ms=-,-,-,-
t=2026-04-24T18:28:22-07:00 n=83 running=False ch0=- ch1=- ch2=- ch3=- rss_kb=2756 srv_cpu=0.0 loadavg=1.89 temp_c=34.1 mode=rpu rpu_link=False pins=0,0,0,0 shm_ok=True shm_magic=1514947908 shm_seq=83070 shm_flags=0 alerts_active=0 events_tail=30 rpu_conf=0,0,0,0 rpu_rtt_ms=-,-,-,-
# restart#41 2026-04-24T18:28:25-07:00: {"message":"Pipeline started (4 channels)","ok":true}
t=2026-04-24T18:29:07-07:00 n=84 running=True ch0=23.77 ch1=23.82 ch2=24.06 ch3=24.04 rss_kb=2756 srv_cpu=0.0 loadavg=2.58 temp_c=37.0 mode=rpu rpu_link=False pins=1,1,1,1 shm_ok=True shm_magic=1514947908 shm_seq=83194 shm_flags=15 alerts_active=4 events_tail=30 rpu_conf=0,0,0,0 rpu_rtt_ms=-,-,-,-
t=2026-04-24T18:29:38-07:00 n=85 running=False ch0=- ch1=- ch2=- ch3=- rss_kb=2756 srv_cpu=0.0 loadavg=1.67 temp_c=35.2 mode=rpu rpu_link=False pins=0,0,0,0 shm_ok=True shm_magic=1514947908 shm_seq=83210 shm_flags=0 alerts_active=0 events_tail=30 rpu_conf=0,0,0,0 rpu_rtt_ms=-,-,-,-
# restart#42 2026-04-24T18:29:41-07:00: {"message":"Pipeline started (4 channels)","ok":true}
t=2026-04-24T18:30:23-07:00 n=86 running=True ch0=23.94 ch1=23.82 ch2=23.89 ch3=23.91 rss_kb=2756 srv_cpu=0.0 loadavg=2.94 temp_c=35.3 mode=rpu rpu_link=False pins=1,1,1,1 shm_ok=True shm_magic=1514947908 shm_seq=83333 shm_flags=15 alerts_active=4 events_tail=30 rpu_conf=0,0,0,0 rpu_rtt_ms=-,-,-,-
t=2026-04-24T18:30:54-07:00 n=87 running=False ch0=- ch1=- ch2=- ch3=- rss_kb=2756 srv_cpu=0.0 loadavg=1.99 temp_c=35.8 mode=rpu rpu_link=False pins=0,0,0,0 shm_ok=True shm_magic=1514947908 shm_seq=83350 shm_flags=0 alerts_active=0 events_tail=30 rpu_conf=0,0,0,0 rpu_rtt_ms=-,-,-,-
# restart#43 2026-04-24T18:30:57-07:00: {"message":"Pipeline started (4 channels)","ok":true}
t=2026-04-24T18:31:39-07:00 n=88 running=True ch0=24.01 ch1=23.84 ch2=23.89 ch3=23.92 rss_kb=2756 srv_cpu=0.0 loadavg=3.64 temp_c=36.5 mode=rpu rpu_link=False pins=1,1,1,1 shm_ok=True shm_magic=1514947908 shm_seq=83474 shm_flags=15 alerts_active=4 events_tail=30 rpu_conf=0,0,0,0 rpu_rtt_ms=-,-,-,-
t=2026-04-24T18:32:10-07:00 n=89 running=False ch0=- ch1=- ch2=- ch3=- rss_kb=2756 srv_cpu=0.0 loadavg=2.31 temp_c=34.3 mode=rpu rpu_link=False pins=0,0,0,0 shm_ok=True shm_magic=1514947908 shm_seq=83490 shm_flags=0 alerts_active=0 events_tail=30 rpu_conf=0,0,0,0 rpu_rtt_ms=-,-,-,-
# restart#44 2026-04-24T18:32:13-07:00: {"message":"Pipeline started (4 channels)","ok":true}
t=2026-04-24T18:32:55-07:00 n=90 running=True ch0=23.92 ch1=23.74 ch2=23.86 ch3=24.00 rss_kb=2756 srv_cpu=0.0 loadavg=2.87 temp_c=36.5 mode=rpu rpu_link=False pins=1,1,1,1 shm_ok=True shm_magic=1514947908 shm_seq=83614 shm_flags=15 alerts_active=4 events_tail=30 rpu_conf=0,0,0,0 rpu_rtt_ms=-,-,-,-
t=2026-04-24T18:33:26-07:00 n=91 running=False ch0=- ch1=- ch2=- ch3=- rss_kb=2756 srv_cpu=0.0 loadavg=1.95 temp_c=36.0 mode=rpu rpu_link=False pins=0,0,0,0 shm_ok=True shm_magic=1514947908 shm_seq=83630 shm_flags=0 alerts_active=0 events_tail=30 rpu_conf=0,0,0,0 rpu_rtt_ms=-,-,-,-
# restart#45 2026-04-24T18:33:29-07:00: {"message":"Pipeline started (4 channels)","ok":true}
t=2026-04-24T18:34:11-07:00 n=92 running=True ch0=23.95 ch1=23.80 ch2=23.83 ch3=23.94 rss_kb=2756 srv_cpu=0.0 loadavg=3.58 temp_c=36.6 mode=rpu rpu_link=False pins=1,1,1,1 shm_ok=True shm_magic=1514947908 shm_seq=83754 shm_flags=15 alerts_active=4 events_tail=30 rpu_conf=0,0,0,0 rpu_rtt_ms=-,-,-,-
t=2026-04-24T18:34:41-07:00 n=93 running=False ch0=- ch1=- ch2=- ch3=- rss_kb=2756 srv_cpu=0.0 loadavg=2.56 temp_c=34.6 mode=rpu rpu_link=False pins=0,0,0,0 shm_ok=True shm_magic=1514947908 shm_seq=83770 shm_flags=0 alerts_active=0 events_tail=30 rpu_conf=0,0,0,0 rpu_rtt_ms=-,-,-,-
# restart#46 2026-04-24T18:34:45-07:00: {"message":"Pipeline started (4 channels)","ok":true}
t=2026-04-24T18:35:27-07:00 n=94 running=True ch0=24.01 ch1=23.78 ch2=23.93 ch3=23.75 rss_kb=2756 srv_cpu=0.0 loadavg=2.90 temp_c=36.8 mode=rpu rpu_link=False pins=1,1,1,1 shm_ok=True shm_magic=1514947908 shm_seq=83894 shm_flags=15 alerts_active=4 events_tail=30 rpu_conf=0,0,0,0 rpu_rtt_ms=-,-,-,-
t=2026-04-24T18:35:58-07:00 n=95 running=False ch0=- ch1=- ch2=- ch3=- rss_kb=2756 srv_cpu=0.0 loadavg=1.81 temp_c=34.8 mode=rpu rpu_link=False pins=0,0,0,0 shm_ok=True shm_magic=1514947908 shm_seq=83910 shm_flags=0 alerts_active=0 events_tail=30 rpu_conf=0,0,0,0 rpu_rtt_ms=-,-,-,-
# restart#47 2026-04-24T18:36:01-07:00: {"message":"Pipeline started (4 channels)","ok":true}
t=2026-04-24T18:36:43-07:00 n=96 running=True ch0=23.93 ch1=23.85 ch2=23.92 ch3=23.98 rss_kb=2756 srv_cpu=0.0 loadavg=2.45 temp_c=36.7 mode=rpu rpu_link=False pins=1,1,1,1 shm_ok=True shm_magic=1514947908 shm_seq=84034 shm_flags=15 alerts_active=4 events_tail=30 rpu_conf=0,0,0,0 rpu_rtt_ms=-,-,-,-
t=2026-04-24T18:37:13-07:00 n=97 running=False ch0=- ch1=- ch2=- ch3=- rss_kb=2756 srv_cpu=0.0 loadavg=1.59 temp_c=33.9 mode=rpu rpu_link=False pins=0,0,0,0 shm_ok=True shm_magic=1514947908 shm_seq=84050 shm_flags=0 alerts_active=0 events_tail=30 rpu_conf=0,0,0,0 rpu_rtt_ms=-,-,-,-
# restart#48 2026-04-24T18:37:17-07:00: {"message":"Pipeline started (4 channels)","ok":true}
t=2026-04-24T18:37:59-07:00 n=98 running=True ch0=23.82 ch1=23.61 ch2=24.03 ch3=23.92 rss_kb=2756 srv_cpu=0.0 loadavg=2.33 temp_c=38.2 mode=rpu rpu_link=False pins=1,1,1,1 shm_ok=True shm_magic=1514947908 shm_seq=84174 shm_flags=15 alerts_active=4 events_tail=30 rpu_conf=0,0,0,0 rpu_rtt_ms=-,-,-,-
t=2026-04-24T18:38:29-07:00 n=99 running=False ch0=- ch1=- ch2=- ch3=- rss_kb=2756 srv_cpu=0.0 loadavg=1.68 temp_c=35.5 mode=rpu rpu_link=False pins=0,0,0,0 shm_ok=True shm_magic=1514947908 shm_seq=84190 shm_flags=0 alerts_active=0 events_tail=30 rpu_conf=0,0,0,0 rpu_rtt_ms=-,-,-,-
# restart#49 2026-04-24T18:38:33-07:00: {"message":"Pipeline started (4 channels)","ok":true}
t=2026-04-24T18:39:15-07:00 n=100 running=True ch0=23.94 ch1=23.86 ch2=23.91 ch3=23.85 rss_kb=2756 srv_cpu=0.0 loadavg=2.86 temp_c=36.9 mode=rpu rpu_link=False pins=1,1,1,1 shm_ok=True shm_magic=1514947908 shm_seq=84314 shm_flags=15 alerts_active=4 events_tail=30 rpu_conf=0,0,0,0 rpu_rtt_ms=-,-,-,-
t=2026-04-24T18:39:46-07:00 n=101 running=False ch0=- ch1=- ch2=- ch3=- rss_kb=2756 srv_cpu=0.0 loadavg=1.84 temp_c=35.7 mode=rpu rpu_link=False pins=0,0,0,0 shm_ok=True shm_magic=1514947908 shm_seq=84330 shm_flags=0 alerts_active=0 events_tail=30 rpu_conf=0,0,0,0 rpu_rtt_ms=-,-,-,-
# restart#50 2026-04-24T18:39:49-07:00: {"message":"Pipeline started (4 channels)","ok":true}
t=2026-04-24T18:40:31-07:00 n=102 running=True ch0=23.99 ch1=23.89 ch2=23.85 ch3=24.03 rss_kb=2756 srv_cpu=0.0 loadavg=2.56 temp_c=35.6 mode=rpu rpu_link=False pins=1,1,1,1 shm_ok=True shm_magic=1514947908 shm_seq=84454 shm_flags=15 alerts_active=4 events_tail=30 rpu_conf=0,0,0,0 rpu_rtt_ms=-,-,-,-
t=2026-04-24T18:41:01-07:00 n=103 running=False ch0=- ch1=- ch2=- ch3=- rss_kb=2756 srv_cpu=0.0 loadavg=1.71 temp_c=35.1 mode=rpu rpu_link=False pins=0,0,0,0 shm_ok=True shm_magic=1514947908 shm_seq=84470 shm_flags=0 alerts_active=0 events_tail=30 rpu_conf=0,0,0,0 rpu_rtt_ms=-,-,-,-
# restart#51 2026-04-24T18:41:05-07:00: {"message":"Pipeline started (4 channels)","ok":true}
t=2026-04-24T18:41:47-07:00 n=104 running=True ch0=23.90 ch1=24.06 ch2=23.95 ch3=23.77 rss_kb=2756 srv_cpu=0.0 loadavg=2.33 temp_c=37.3 mode=rpu rpu_link=False pins=1,1,1,1 shm_ok=True shm_magic=1514947908 shm_seq=84594 shm_flags=15 alerts_active=4 events_tail=30 rpu_conf=0,0,0,0 rpu_rtt_ms=-,-,-,-
t=2026-04-24T18:42:18-07:00 n=105 running=False ch0=- ch1=- ch2=- ch3=- rss_kb=2756 srv_cpu=0.0 loadavg=1.77 temp_c=35.2 mode=rpu rpu_link=False pins=0,0,0,0 shm_ok=True shm_magic=1514947908 shm_seq=84610 shm_flags=0 alerts_active=0 events_tail=30 rpu_conf=0,0,0,0 rpu_rtt_ms=-,-,-,-
# restart#52 2026-04-24T18:42:21-07:00: {"message":"Pipeline started (4 channels)","ok":true}
t=2026-04-24T18:43:03-07:00 n=106 running=True ch0=23.89 ch1=23.95 ch2=23.81 ch3=23.81 rss_kb=2756 srv_cpu=0.0 loadavg=2.30 temp_c=36.7 mode=rpu rpu_link=False pins=1,1,1,1 shm_ok=True shm_magic=1514947908 shm_seq=84734 shm_flags=15 alerts_active=4 events_tail=30 rpu_conf=0,0,0,0 rpu_rtt_ms=-,-,-,-
t=2026-04-24T18:43:33-07:00 n=107 running=False ch0=- ch1=- ch2=- ch3=- rss_kb=2756 srv_cpu=0.0 loadavg=1.60 temp_c=34.1 mode=rpu rpu_link=False pins=0,0,0,0 shm_ok=True shm_magic=1514947908 shm_seq=84750 shm_flags=0 alerts_active=0 events_tail=30 rpu_conf=0,0,0,0 rpu_rtt_ms=-,-,-,-
# restart#53 2026-04-24T18:43:37-07:00: {"message":"Pipeline started (4 channels)","ok":true}
t=2026-04-24T18:44:19-07:00 n=108 running=True ch0=23.90 ch1=23.90 ch2=23.95 ch3=23.86 rss_kb=2756 srv_cpu=0.0 loadavg=2.67 temp_c=37.5 mode=rpu rpu_link=False pins=1,1,1,1 shm_ok=True shm_magic=1514947908 shm_seq=84874 shm_flags=15 alerts_active=4 events_tail=30 rpu_conf=0,0,0,0 rpu_rtt_ms=-,-,-,-
t=2026-04-24T18:44:50-07:00 n=109 running=False ch0=- ch1=- ch2=- ch3=- rss_kb=2756 srv_cpu=0.0 loadavg=1.72 temp_c=34.3 mode=rpu rpu_link=False pins=0,0,0,0 shm_ok=True shm_magic=1514947908 shm_seq=84890 shm_flags=0 alerts_active=0 events_tail=30 rpu_conf=0,0,0,0 rpu_rtt_ms=-,-,-,-
# restart#54 2026-04-24T18:44:53-07:00: {"message":"Pipeline started (4 channels)","ok":true}
t=2026-04-24T18:45:35-07:00 n=110 running=True ch0=24.07 ch1=23.76 ch2=23.90 ch3=23.78 rss_kb=2756 srv_cpu=0.0 loadavg=2.50 temp_c=37.0 mode=rpu rpu_link=False pins=1,1,1,1 shm_ok=True shm_magic=1514947908 shm_seq=85014 shm_flags=15 alerts_active=4 events_tail=30 rpu_conf=0,0,0,0 rpu_rtt_ms=-,-,-,-
t=2026-04-24T18:46:05-07:00 n=111 running=False ch0=- ch1=- ch2=- ch3=- rss_kb=2756 srv_cpu=0.0 loadavg=1.90 temp_c=34.4 mode=rpu rpu_link=False pins=0,0,0,0 shm_ok=True shm_magic=1514947908 shm_seq=85030 shm_flags=0 alerts_active=0 events_tail=30 rpu_conf=0,0,0,0 rpu_rtt_ms=-,-,-,-
# restart#55 2026-04-24T18:46:09-07:00: {"message":"Pipeline started (4 channels)","ok":true}
t=2026-04-24T18:46:51-07:00 n=112 running=True ch0=24.19 ch1=23.69 ch2=23.63 ch3=23.65 rss_kb=2756 srv_cpu=0.0 loadavg=2.84 temp_c=36.0 mode=rpu rpu_link=False pins=1,1,1,1 shm_ok=True shm_magic=1514947908 shm_seq=85153 shm_flags=15 alerts_active=4 events_tail=30 rpu_conf=0,0,0,0 rpu_rtt_ms=-,-,-,-
t=2026-04-24T18:47:22-07:00 n=113 running=False ch0=- ch1=- ch2=- ch3=- rss_kb=2756 srv_cpu=0.0 loadavg=1.82 temp_c=35.7 mode=rpu rpu_link=False pins=0,0,0,0 shm_ok=True shm_magic=1514947908 shm_seq=85170 shm_flags=0 alerts_active=0 events_tail=30 rpu_conf=0,0,0,0 rpu_rtt_ms=-,-,-,-
# restart#56 2026-04-24T18:47:25-07:00: {"message":"Pipeline started (4 channels)","ok":true}
t=2026-04-24T18:48:07-07:00 n=114 running=True ch0=23.99 ch1=24.02 ch2=23.84 ch3=23.92 rss_kb=2756 srv_cpu=0.0 loadavg=2.87 temp_c=36.3 mode=rpu rpu_link=False pins=1,1,1,1 shm_ok=True shm_magic=1514947908 shm_seq=85294 shm_flags=15 alerts_active=4 events_tail=30 rpu_conf=0,0,0,0 rpu_rtt_ms=-,-,-,-
t=2026-04-24T18:48:38-07:00 n=115 running=False ch0=- ch1=- ch2=- ch3=- rss_kb=2756 srv_cpu=0.0 loadavg=1.84 temp_c=34.2 mode=rpu rpu_link=False pins=0,0,0,0 shm_ok=True shm_magic=1514947908 shm_seq=85310 shm_flags=0 alerts_active=0 events_tail=30 rpu_conf=0,0,0,0 rpu_rtt_ms=-,-,-,-
# restart#57 2026-04-24T18:48:41-07:00: {"message":"Pipeline started (4 channels)","ok":true}
t=2026-04-24T18:49:23-07:00 n=116 running=True ch0=23.95 ch1=23.97 ch2=23.90 ch3=23.82 rss_kb=2756 srv_cpu=0.0 loadavg=3.61 temp_c=37.0 mode=rpu rpu_link=False pins=1,1,1,1 shm_ok=True shm_magic=1514947908 shm_seq=85433 shm_flags=15 alerts_active=4 events_tail=30 rpu_conf=0,0,0,0 rpu_rtt_ms=-,-,-,-
t=2026-04-24T18:49:53-07:00 n=117 running=False ch0=- ch1=- ch2=- ch3=- rss_kb=2756 srv_cpu=0.0 loadavg=2.24 temp_c=34.1 mode=rpu rpu_link=False pins=0,0,0,0 shm_ok=True shm_magic=1514947908 shm_seq=85450 shm_flags=0 alerts_active=0 events_tail=30 rpu_conf=0,0,0,0 rpu_rtt_ms=-,-,-,-
# restart#58 2026-04-24T18:49:57-07:00: {"message":"Pipeline started (4 channels)","ok":true}
t=2026-04-24T18:50:39-07:00 n=118 running=True ch0=23.99 ch1=23.86 ch2=23.91 ch3=24.00 rss_kb=2756 srv_cpu=0.0 loadavg=2.89 temp_c=37.2 mode=rpu rpu_link=False pins=1,1,1,1 shm_ok=True shm_magic=1514947908 shm_seq=85574 shm_flags=15 alerts_active=4 events_tail=30 rpu_conf=0,0,0,0 rpu_rtt_ms=-,-,-,-
t=2026-04-24T18:51:10-07:00 n=119 running=False ch0=- ch1=- ch2=- ch3=- rss_kb=2756 srv_cpu=0.0 loadavg=1.85 temp_c=35.5 mode=rpu rpu_link=False pins=0,0,0,0 shm_ok=True shm_magic=1514947908 shm_seq=85590 shm_flags=0 alerts_active=0 events_tail=30 rpu_conf=0,0,0,0 rpu_rtt_ms=-,-,-,-
# restart#59 2026-04-24T18:51:13-07:00: {"message":"Pipeline started (4 channels)","ok":true}
t=2026-04-24T18:51:55-07:00 n=120 running=True ch0=23.88 ch1=23.86 ch2=24.10 ch3=24.03 rss_kb=2756 srv_cpu=0.0 loadavg=2.66 temp_c=36.3 mode=rpu rpu_link=False pins=1,1,1,1 shm_ok=True shm_magic=1514947908 shm_seq=85714 shm_flags=15 alerts_active=4 events_tail=30 rpu_conf=0,0,0,0 rpu_rtt_ms=-,-,-,-
t=2026-04-24T18:52:25-07:00 n=121 running=False ch0=- ch1=- ch2=- ch3=- rss_kb=2756 srv_cpu=0.0 loadavg=1.82 temp_c=35.9 mode=rpu rpu_link=False pins=0,0,0,0 shm_ok=True shm_magic=1514947908 shm_seq=85730 shm_flags=0 alerts_active=0 events_tail=30 rpu_conf=0,0,0,0 rpu_rtt_ms=-,-,-,-
# restart#60 2026-04-24T18:52:29-07:00: {"message":"Pipeline started (4 channels)","ok":true}
t=2026-04-24T18:53:11-07:00 n=122 running=True ch0=23.97 ch1=23.94 ch2=24.04 ch3=23.89 rss_kb=2756 srv_cpu=0.0 loadavg=3.11 temp_c=35.7 mode=rpu rpu_link=False pins=1,1,1,1 shm_ok=True shm_magic=1514947908 shm_seq=85854 shm_flags=15 alerts_active=4 events_tail=30 rpu_conf=0,0,0,0 rpu_rtt_ms=-,-,-,-
t=2026-04-24T18:53:41-07:00 n=123 running=False ch0=- ch1=- ch2=- ch3=- rss_kb=2756 srv_cpu=0.0 loadavg=1.99 temp_c=34.9 mode=rpu rpu_link=False pins=0,0,0,0 shm_ok=True shm_magic=1514947908 shm_seq=85870 shm_flags=0 alerts_active=0 events_tail=30 rpu_conf=0,0,0,0 rpu_rtt_ms=-,-,-,-
# restart#61 2026-04-24T18:53:45-07:00: {"message":"Pipeline started (4 channels)","ok":true}
t=2026-04-24T18:54:27-07:00 n=124 running=True ch0=24.02 ch1=23.89 ch2=24.02 ch3=23.76 rss_kb=2756 srv_cpu=0.0 loadavg=2.58 temp_c=37.6 mode=rpu rpu_link=False pins=1,1,1,1 shm_ok=True shm_magic=1514947908 shm_seq=85993 shm_flags=15 alerts_active=4 events_tail=30 rpu_conf=0,0,0,0 rpu_rtt_ms=-,-,-,-
t=2026-04-24T18:54:57-07:00 n=125 running=False ch0=- ch1=- ch2=- ch3=- rss_kb=2756 srv_cpu=0.0 loadavg=1.93 temp_c=36.4 mode=rpu rpu_link=False pins=0,0,0,0 shm_ok=True shm_magic=1514947908 shm_seq=86010 shm_flags=0 alerts_active=0 events_tail=30 rpu_conf=0,0,0,0 rpu_rtt_ms=-,-,-,-
# restart#62 2026-04-24T18:55:01-07:00: {"message":"Pipeline started (4 channels)","ok":true}
t=2026-04-24T18:55:43-07:00 n=126 running=True ch0=23.88 ch1=24.07 ch2=23.97 ch3=23.84 rss_kb=2756 srv_cpu=0.0 loadavg=2.99 temp_c=36.4 mode=rpu rpu_link=False pins=1,1,1,1 shm_ok=True shm_magic=1514947908 shm_seq=86133 shm_flags=15 alerts_active=4 events_tail=30 rpu_conf=0,0,0,0 rpu_rtt_ms=-,-,-,-
t=2026-04-24T18:56:14-07:00 n=127 running=False ch0=- ch1=- ch2=- ch3=- rss_kb=2756 srv_cpu=0.0 loadavg=1.91 temp_c=34.6 mode=rpu rpu_link=False pins=0,0,0,0 shm_ok=True shm_magic=1514947908 shm_seq=86150 shm_flags=0 alerts_active=0 events_tail=30 rpu_conf=0,0,0,0 rpu_rtt_ms=-,-,-,-
# restart#63 2026-04-24T18:56:17-07:00: {"message":"Pipeline started (4 channels)","ok":true}
t=2026-04-24T18:56:59-07:00 n=128 running=True ch0=24.05 ch1=23.84 ch2=23.95 ch3=24.06 rss_kb=2756 srv_cpu=0.0 loadavg=3.28 temp_c=36.4 mode=rpu rpu_link=False pins=1,1,1,1 shm_ok=True shm_magic=1514947908 shm_seq=86274 shm_flags=15 alerts_active=4 events_tail=30 rpu_conf=0,0,0,0 rpu_rtt_ms=-,-,-,-
t=2026-04-24T18:57:30-07:00 n=129 running=False ch0=- ch1=- ch2=- ch3=- rss_kb=2756 srv_cpu=0.0 loadavg=2.14 temp_c=34.7 mode=rpu rpu_link=False pins=0,0,0,0 shm_ok=True shm_magic=1514947908 shm_seq=86290 shm_flags=0 alerts_active=0 events_tail=30 rpu_conf=0,0,0,0 rpu_rtt_ms=-,-,-,-
# restart#64 2026-04-24T18:57:33-07:00: {"message":"Pipeline started (4 channels)","ok":true}
t=2026-04-24T18:58:15-07:00 n=130 running=True ch0=23.60 ch1=23.93 ch2=23.88 ch3=23.88 rss_kb=2756 srv_cpu=0.0 loadavg=2.94 temp_c=37.6 mode=rpu rpu_link=False pins=1,1,1,1 shm_ok=True shm_magic=1514947908 shm_seq=86414 shm_flags=15 alerts_active=4 events_tail=30 rpu_conf=0,0,0,0 rpu_rtt_ms=-,-,-,-
t=2026-04-24T18:58:46-07:00 n=131 running=False ch0=- ch1=- ch2=- ch3=- rss_kb=2756 srv_cpu=0.0 loadavg=1.94 temp_c=36.1 mode=rpu rpu_link=False pins=0,0,0,0 shm_ok=True shm_magic=1514947908 shm_seq=86430 shm_flags=0 alerts_active=0 events_tail=30 rpu_conf=0,0,0,0 rpu_rtt_ms=-,-,-,-
# restart#65 2026-04-24T18:58:49-07:00: {"message":"Pipeline started (4 channels)","ok":true}
t=2026-04-24T18:59:31-07:00 n=132 running=True ch0=23.90 ch1=24.03 ch2=23.88 ch3=23.90 rss_kb=2756 srv_cpu=0.0 loadavg=2.72 temp_c=36.3 mode=rpu rpu_link=False pins=1,1,1,1 shm_ok=True shm_magic=1514947908 shm_seq=86554 shm_flags=15 alerts_active=4 events_tail=30 rpu_conf=0,0,0,0 rpu_rtt_ms=-,-,-,-
t=2026-04-24T19:00:02-07:00 n=133 running=False ch0=- ch1=- ch2=- ch3=- rss_kb=2756 srv_cpu=0.0 loadavg=1.86 temp_c=35.6 mode=rpu rpu_link=False pins=0,0,0,0 shm_ok=True shm_magic=1514947908 shm_seq=86570 shm_flags=0 alerts_active=0 events_tail=30 rpu_conf=0,0,0,0 rpu_rtt_ms=-,-,-,-
# restart#66 2026-04-24T19:00:05-07:00: {"message":"Pipeline started (4 channels)","ok":true}
t=2026-04-24T19:00:47-07:00 n=134 running=True ch0=23.85 ch1=23.61 ch2=23.98 ch3=24.03 rss_kb=2756 srv_cpu=0.0 loadavg=2.18 temp_c=36.6 mode=rpu rpu_link=False pins=1,1,1,1 shm_ok=True shm_magic=1514947908 shm_seq=86692 shm_flags=15 alerts_active=4 events_tail=30 rpu_conf=0,0,0,0 rpu_rtt_ms=-,-,-,-
t=2026-04-24T19:01:18-07:00 n=135 running=False ch0=- ch1=- ch2=- ch3=- rss_kb=2756 srv_cpu=0.0 loadavg=1.43 temp_c=35.4 mode=rpu rpu_link=False pins=0,0,0,0 shm_ok=True shm_magic=1514947908 shm_seq=86710 shm_flags=0 alerts_active=0 events_tail=30 rpu_conf=0,0,0,0 rpu_rtt_ms=-,-,-,-
# restart#67 2026-04-24T19:01:21-07:00: {"message":"Pipeline started (4 channels)","ok":true}
t=2026-04-24T19:02:03-07:00 n=136 running=True ch0=23.80 ch1=23.88 ch2=24.07 ch3=23.66 rss_kb=2756 srv_cpu=0.0 loadavg=2.56 temp_c=37.7 mode=rpu rpu_link=False pins=1,1,1,1 shm_ok=True shm_magic=1514947908 shm_seq=86834 shm_flags=15 alerts_active=4 events_tail=30 rpu_conf=0,0,0,0 rpu_rtt_ms=-,-,-,-
t=2026-04-24T19:02:34-07:00 n=137 running=False ch0=- ch1=- ch2=- ch3=- rss_kb=2756 srv_cpu=0.0 loadavg=1.85 temp_c=36.3 mode=rpu rpu_link=False pins=0,0,0,0 shm_ok=True shm_magic=1514947908 shm_seq=86850 shm_flags=0 alerts_active=0 events_tail=30 rpu_conf=0,0,0,0 rpu_rtt_ms=-,-,-,-
# restart#68 2026-04-24T19:02:37-07:00: {"message":"Pipeline started (4 channels)","ok":true}
t=2026-04-24T19:03:19-07:00 n=138 running=True ch0=23.97 ch1=23.92 ch2=23.82 ch3=23.95 rss_kb=2756 srv_cpu=0.0 loadavg=2.30 temp_c=37.6 mode=rpu rpu_link=False pins=1,1,1,1 shm_ok=True shm_magic=1514947908 shm_seq=86973 shm_flags=15 alerts_active=4 events_tail=30 rpu_conf=0,0,0,0 rpu_rtt_ms=-,-,-,-
t=2026-04-24T19:03:50-07:00 n=139 running=False ch0=- ch1=- ch2=- ch3=- rss_kb=2756 srv_cpu=0.0 loadavg=1.60 temp_c=35.1 mode=rpu rpu_link=False pins=0,0,0,0 shm_ok=True shm_magic=1514947908 shm_seq=86990 shm_flags=0 alerts_active=0 events_tail=30 rpu_conf=0,0,0,0 rpu_rtt_ms=-,-,-,-
# restart#69 2026-04-24T19:03:53-07:00: {"message":"Pipeline started (4 channels)","ok":true}
t=2026-04-24T19:04:35-07:00 n=140 running=True ch0=23.80 ch1=23.97 ch2=23.68 ch3=23.97 rss_kb=2756 srv_cpu=0.0 loadavg=3.01 temp_c=37.0 mode=rpu rpu_link=False pins=1,1,1,1 shm_ok=True shm_magic=1514947908 shm_seq=87114 shm_flags=15 alerts_active=4 events_tail=30 rpu_conf=0,0,0,0 rpu_rtt_ms=-,-,-,-
t=2026-04-24T19:05:06-07:00 n=141 running=False ch0=- ch1=- ch2=- ch3=- rss_kb=2756 srv_cpu=0.0 loadavg=2.03 temp_c=34.6 mode=rpu rpu_link=False pins=0,0,0,0 shm_ok=True shm_magic=1514947908 shm_seq=87130 shm_flags=0 alerts_active=0 events_tail=30 rpu_conf=0,0,0,0 rpu_rtt_ms=-,-,-,-
# restart#70 2026-04-24T19:05:09-07:00: {"message":"Pipeline started (4 channels)","ok":true}
t=2026-04-24T19:05:51-07:00 n=142 running=True ch0=23.89 ch1=24.00 ch2=23.97 ch3=23.65 rss_kb=2756 srv_cpu=0.0 loadavg=2.96 temp_c=36.6 mode=rpu rpu_link=False pins=1,1,1,1 shm_ok=True shm_magic=1514947908 shm_seq=87254 shm_flags=15 alerts_active=4 events_tail=30 rpu_conf=0,0,0,0 rpu_rtt_ms=-,-,-,-
t=2026-04-24T19:06:22-07:00 n=143 running=False ch0=- ch1=- ch2=- ch3=- rss_kb=2756 srv_cpu=0.0 loadavg=2.01 temp_c=33.8 mode=rpu rpu_link=False pins=0,0,0,0 shm_ok=True shm_magic=1514947908 shm_seq=87270 shm_flags=0 alerts_active=0 events_tail=30 rpu_conf=0,0,0,0 rpu_rtt_ms=-,-,-,-
# restart#71 2026-04-24T19:06:25-07:00: {"message":"Pipeline started (4 channels)","ok":true}
t=2026-04-24T19:07:07-07:00 n=144 running=True ch0=23.92 ch1=24.01 ch2=23.67 ch3=23.97 rss_kb=2756 srv_cpu=0.0 loadavg=3.03 temp_c=37.8 mode=rpu rpu_link=False pins=1,1,1,1 shm_ok=True shm_magic=1514947908 shm_seq=87394 shm_flags=15 alerts_active=4 events_tail=30 rpu_conf=0,0,0,0 rpu_rtt_ms=-,-,-,-
t=2026-04-24T19:07:38-07:00 n=145 running=False ch0=- ch1=- ch2=- ch3=- rss_kb=2756 srv_cpu=0.0 loadavg=2.05 temp_c=36.0 mode=rpu rpu_link=False pins=0,0,0,0 shm_ok=True shm_magic=1514947908 shm_seq=87410 shm_flags=0 alerts_active=0 events_tail=30 rpu_conf=0,0,0,0 rpu_rtt_ms=-,-,-,-
# restart#72 2026-04-24T19:07:41-07:00: {"message":"Pipeline started (4 channels)","ok":true}
t=2026-04-24T19:08:23-07:00 n=146 running=True ch0=23.96 ch1=23.93 ch2=23.93 ch3=23.93 rss_kb=2756 srv_cpu=0.0 loadavg=4.03 temp_c=37.0 mode=rpu rpu_link=False pins=1,1,1,1 shm_ok=True shm_magic=1514947908 shm_seq=87534 shm_flags=15 alerts_active=4 events_tail=30 rpu_conf=0,0,0,0 rpu_rtt_ms=-,-,-,-
t=2026-04-24T19:08:54-07:00 n=147 running=False ch0=- ch1=- ch2=- ch3=- rss_kb=2756 srv_cpu=0.0 loadavg=2.71 temp_c=35.5 mode=rpu rpu_link=False pins=0,0,0,0 shm_ok=True shm_magic=1514947908 shm_seq=87550 shm_flags=0 alerts_active=0 events_tail=30 rpu_conf=0,0,0,0 rpu_rtt_ms=-,-,-,-
# restart#73 2026-04-24T19:08:57-07:00: {"message":"Pipeline started (4 channels)","ok":true}
t=2026-04-24T19:09:39-07:00 n=148 running=True ch0=23.72 ch1=23.98 ch2=23.95 ch3=23.93 rss_kb=2756 srv_cpu=0.0 loadavg=2.99 temp_c=37.3 mode=rpu rpu_link=False pins=1,1,1,1 shm_ok=True shm_magic=1514947908 shm_seq=87674 shm_flags=15 alerts_active=4 events_tail=30 rpu_conf=0,0,0,0 rpu_rtt_ms=-,-,-,-
t=2026-04-24T19:10:10-07:00 n=149 running=False ch0=- ch1=- ch2=- ch3=- rss_kb=2756 srv_cpu=0.0 loadavg=2.02 temp_c=34.7 mode=rpu rpu_link=False pins=0,0,0,0 shm_ok=True shm_magic=1514947908 shm_seq=87690 shm_flags=0 alerts_active=0 events_tail=30 rpu_conf=0,0,0,0 rpu_rtt_ms=-,-,-,-
# restart#74 2026-04-24T19:10:13-07:00: {"message":"Pipeline started (4 channels)","ok":true}
t=2026-04-24T19:10:55-07:00 n=150 running=True ch0=24.02 ch1=23.99 ch2=23.92 ch3=23.95 rss_kb=2756 srv_cpu=0.0 loadavg=2.89 temp_c=37.4 mode=rpu rpu_link=False pins=1,1,1,1 shm_ok=True shm_magic=1514947908 shm_seq=87814 shm_flags=15 alerts_active=4 events_tail=30 rpu_conf=0,0,0,0 rpu_rtt_ms=-,-,-,-
t=2026-04-24T19:11:26-07:00 n=151 running=False ch0=- ch1=- ch2=- ch3=- rss_kb=2756 srv_cpu=0.0 loadavg=2.12 temp_c=34.8 mode=rpu rpu_link=False pins=0,0,0,0 shm_ok=True shm_magic=1514947908 shm_seq=87830 shm_flags=0 alerts_active=0 events_tail=30 rpu_conf=0,0,0,0 rpu_rtt_ms=-,-,-,-
# restart#75 2026-04-24T19:11:29-07:00: {"message":"Pipeline started (4 channels)","ok":true}
t=2026-04-24T19:12:11-07:00 n=152 running=True ch0=23.93 ch1=24.01 ch2=23.92 ch3=23.88 rss_kb=2756 srv_cpu=0.0 loadavg=2.88 temp_c=37.7 mode=rpu rpu_link=False pins=1,1,1,1 shm_ok=True shm_magic=1514947908 shm_seq=87954 shm_flags=15 alerts_active=4 events_tail=30 rpu_conf=0,0,0,0 rpu_rtt_ms=-,-,-,-
t=2026-04-24T19:12:42-07:00 n=153 running=False ch0=- ch1=- ch2=- ch3=- rss_kb=2756 srv_cpu=0.0 loadavg=1.85 temp_c=36.4 mode=rpu rpu_link=False pins=0,0,0,0 shm_ok=True shm_magic=1514947908 shm_seq=87970 shm_flags=0 alerts_active=0 events_tail=30 rpu_conf=0,0,0,0 rpu_rtt_ms=-,-,-,-
# restart#76 2026-04-24T19:12:45-07:00: {"message":"Pipeline started (4 channels)","ok":true}
t=2026-04-24T19:13:27-07:00 n=154 running=True ch0=24.09 ch1=23.95 ch2=23.91 ch3=23.83 rss_kb=2756 srv_cpu=0.0 loadavg=3.41 temp_c=37.1 mode=rpu rpu_link=False pins=1,1,1,1 shm_ok=True shm_magic=1514947908 shm_seq=88094 shm_flags=15 alerts_active=4 events_tail=30 rpu_conf=0,0,0,0 rpu_rtt_ms=-,-,-,-
t=2026-04-24T19:13:58-07:00 n=155 running=False ch0=- ch1=- ch2=- ch3=- rss_kb=2756 srv_cpu=0.0 loadavg=2.33 temp_c=35.7 mode=rpu rpu_link=False pins=0,0,0,0 shm_ok=True shm_magic=1514947908 shm_seq=88110 shm_flags=0 alerts_active=0 events_tail=30 rpu_conf=0,0,0,0 rpu_rtt_ms=-,-,-,-
# restart#77 2026-04-24T19:14:01-07:00: {"message":"Pipeline started (4 channels)","ok":true}
t=2026-04-24T19:14:43-07:00 n=156 running=True ch0=23.88 ch1=23.85 ch2=23.92 ch3=23.94 rss_kb=2756 srv_cpu=0.0 loadavg=3.36 temp_c=37.0 mode=rpu rpu_link=False pins=1,1,1,1 shm_ok=True shm_magic=1514947908 shm_seq=88234 shm_flags=15 alerts_active=4 events_tail=30 rpu_conf=0,0,0,0 rpu_rtt_ms=-,-,-,-
t=2026-04-24T19:15:14-07:00 n=157 running=False ch0=- ch1=- ch2=- ch3=- rss_kb=2756 srv_cpu=0.0 loadavg=2.24 temp_c=35.6 mode=rpu rpu_link=False pins=0,0,0,0 shm_ok=True shm_magic=1514947908 shm_seq=88250 shm_flags=0 alerts_active=0 events_tail=30 rpu_conf=0,0,0,0 rpu_rtt_ms=-,-,-,-
# restart#78 2026-04-24T19:15:17-07:00: {"message":"Pipeline started (4 channels)","ok":true}
t=2026-04-24T19:15:59-07:00 n=158 running=True ch0=23.94 ch1=24.04 ch2=23.73 ch3=23.78 rss_kb=2756 srv_cpu=0.0 loadavg=2.81 temp_c=37.2 mode=rpu rpu_link=False pins=1,1,1,1 shm_ok=True shm_magic=1514947908 shm_seq=88373 shm_flags=15 alerts_active=4 events_tail=30 rpu_conf=0,0,0,0 rpu_rtt_ms=-,-,-,-
t=2026-04-24T19:16:30-07:00 n=159 running=False ch0=- ch1=- ch2=- ch3=- rss_kb=2756 srv_cpu=0.0 loadavg=1.86 temp_c=34.9 mode=rpu rpu_link=False pins=0,0,0,0 shm_ok=True shm_magic=1514947908 shm_seq=88390 shm_flags=0 alerts_active=0 events_tail=30 rpu_conf=0,0,0,0 rpu_rtt_ms=-,-,-,-
# restart#79 2026-04-24T19:16:33-07:00: {"message":"Pipeline started (4 channels)","ok":true}
t=2026-04-24T19:17:15-07:00 n=160 running=True ch0=23.91 ch1=23.92 ch2=23.86 ch3=23.76 rss_kb=2756 srv_cpu=0.0 loadavg=2.99 temp_c=37.3 mode=rpu rpu_link=False pins=1,1,1,1 shm_ok=True shm_magic=1514947908 shm_seq=88514 shm_flags=15 alerts_active=4 events_tail=30 rpu_conf=0,0,0,0 rpu_rtt_ms=-,-,-,-
t=2026-04-24T19:17:46-07:00 n=161 running=False ch0=- ch1=- ch2=- ch3=- rss_kb=2756 srv_cpu=0.0 loadavg=2.23 temp_c=35.4 mode=rpu rpu_link=False pins=0,0,0,0 shm_ok=True shm_magic=1514947908 shm_seq=88530 shm_flags=0 alerts_active=0 events_tail=30 rpu_conf=0,0,0,0 rpu_rtt_ms=-,-,-,-
# restart#80 2026-04-24T19:17:49-07:00: {"message":"Pipeline started (4 channels)","ok":true}
t=2026-04-24T19:18:31-07:00 n=162 running=True ch0=24.02 ch1=23.99 ch2=23.90 ch3=23.90 rss_kb=2756 srv_cpu=0.0 loadavg=3.23 temp_c=38.2 mode=rpu rpu_link=False pins=1,1,1,1 shm_ok=True shm_magic=1514947908 shm_seq=88654 shm_flags=15 alerts_active=4 events_tail=30 rpu_conf=0,0,0,0 rpu_rtt_ms=-,-,-,-
t=2026-04-24T19:19:02-07:00 n=163 running=False ch0=- ch1=- ch2=- ch3=- rss_kb=2756 srv_cpu=0.0 loadavg=2.27 temp_c=35.4 mode=rpu rpu_link=False pins=0,0,0,0 shm_ok=True shm_magic=1514947908 shm_seq=88670 shm_flags=0 alerts_active=0 events_tail=30 rpu_conf=0,0,0,0 rpu_rtt_ms=-,-,-,-
# restart#81 2026-04-24T19:19:05-07:00: {"message":"Pipeline started (4 channels)","ok":true}
t=2026-04-24T19:19:47-07:00 n=164 running=True ch0=23.78 ch1=23.87 ch2=24.00 ch3=23.97 rss_kb=2756 srv_cpu=0.0 loadavg=3.20 temp_c=36.2 mode=rpu rpu_link=False pins=1,1,1,1 shm_ok=True shm_magic=1514947908 shm_seq=88793 shm_flags=15 alerts_active=4 events_tail=30 rpu_conf=0,0,0,0 rpu_rtt_ms=-,-,-,-
t=2026-04-24T19:20:18-07:00 n=165 running=False ch0=- ch1=- ch2=- ch3=- rss_kb=2756 srv_cpu=0.0 loadavg=2.04 temp_c=34.4 mode=rpu rpu_link=False pins=0,0,0,0 shm_ok=True shm_magic=1514947908 shm_seq=88810 shm_flags=0 alerts_active=0 events_tail=30 rpu_conf=0,0,0,0 rpu_rtt_ms=-,-,-,-
# restart#82 2026-04-24T19:20:21-07:00: {"message":"Pipeline started (4 channels)","ok":true}
t=2026-04-24T19:21:03-07:00 n=166 running=True ch0=23.90 ch1=23.87 ch2=23.84 ch3=23.96 rss_kb=2756 srv_cpu=0.0 loadavg=3.02 temp_c=36.8 mode=rpu rpu_link=False pins=1,1,1,1 shm_ok=True shm_magic=1514947908 shm_seq=88933 shm_flags=15 alerts_active=4 events_tail=30 rpu_conf=0,0,0,0 rpu_rtt_ms=-,-,-,-
t=2026-04-24T19:21:34-07:00 n=167 running=False ch0=- ch1=- ch2=- ch3=- rss_kb=2756 srv_cpu=0.0 loadavg=2.04 temp_c=35.9 mode=rpu rpu_link=False pins=0,0,0,0 shm_ok=True shm_magic=1514947908 shm_seq=88950 shm_flags=0 alerts_active=0 events_tail=30 rpu_conf=0,0,0,0 rpu_rtt_ms=-,-,-,-
# restart#83 2026-04-24T19:21:37-07:00: {"message":"Pipeline started (4 channels)","ok":true}
t=2026-04-24T19:22:19-07:00 n=168 running=True ch0=23.99 ch1=23.94 ch2=23.88 ch3=23.96 rss_kb=2756 srv_cpu=0.0 loadavg=2.81 temp_c=37.6 mode=rpu rpu_link=False pins=1,1,1,1 shm_ok=True shm_magic=1514947908 shm_seq=89074 shm_flags=15 alerts_active=4 events_tail=30 rpu_conf=0,0,0,0 rpu_rtt_ms=-,-,-,-
t=2026-04-24T19:22:50-07:00 n=169 running=False ch0=- ch1=- ch2=- ch3=- rss_kb=2756 srv_cpu=0.0 loadavg=1.89 temp_c=35.3 mode=rpu rpu_link=False pins=0,0,0,0 shm_ok=True shm_magic=1514947908 shm_seq=89090 shm_flags=0 alerts_active=0 events_tail=30 rpu_conf=0,0,0,0 rpu_rtt_ms=-,-,-,-
# restart#84 2026-04-24T19:22:53-07:00: {"message":"Pipeline started (4 channels)","ok":true}
t=2026-04-24T19:23:35-07:00 n=170 running=True ch0=23.91 ch1=23.77 ch2=23.86 ch3=24.02 rss_kb=2756 srv_cpu=0.0 loadavg=3.15 temp_c=36.7 mode=rpu rpu_link=False pins=1,1,1,1 shm_ok=True shm_magic=1514947908 shm_seq=89214 shm_flags=15 alerts_active=4 events_tail=30 rpu_conf=0,0,0,0 rpu_rtt_ms=-,-,-,-
t=2026-04-24T19:24:06-07:00 n=171 running=False ch0=- ch1=- ch2=- ch3=- rss_kb=2756 srv_cpu=0.0 loadavg=1.96 temp_c=35.1 mode=rpu rpu_link=False pins=0,0,0,0 shm_ok=True shm_magic=1514947908 shm_seq=89230 shm_flags=0 alerts_active=0 events_tail=30 rpu_conf=0,0,0,0 rpu_rtt_ms=-,-,-,-
# restart#85 2026-04-24T19:24:09-07:00: {"message":"Pipeline started (4 channels)","ok":true}
t=2026-04-24T19:24:51-07:00 n=172 running=True ch0=23.83 ch1=23.92 ch2=23.76 ch3=23.95 rss_kb=2756 srv_cpu=0.0 loadavg=3.33 temp_c=37.9 mode=rpu rpu_link=False pins=1,1,1,1 shm_ok=True shm_magic=1514947908 shm_seq=89353 shm_flags=15 alerts_active=4 events_tail=30 rpu_conf=0,0,0,0 rpu_rtt_ms=-,-,-,-
t=2026-04-24T19:25:22-07:00 n=173 running=False ch0=- ch1=- ch2=- ch3=- rss_kb=2756 srv_cpu=0.0 loadavg=2.23 temp_c=35.7 mode=rpu rpu_link=False pins=0,0,0,0 shm_ok=True shm_magic=1514947908 shm_seq=89370 shm_flags=0 alerts_active=0 events_tail=30 rpu_conf=0,0,0,0 rpu_rtt_ms=-,-,-,-
# restart#86 2026-04-24T19:25:25-07:00: {"message":"Pipeline started (4 channels)","ok":true}
t=2026-04-24T19:26:07-07:00 n=174 running=True ch0=23.88 ch1=24.00 ch2=23.83 ch3=23.87 rss_kb=2756 srv_cpu=0.0 loadavg=3.10 temp_c=36.3 mode=rpu rpu_link=False pins=1,1,1,1 shm_ok=True shm_magic=1514947908 shm_seq=89493 shm_flags=15 alerts_active=4 events_tail=30 rpu_conf=0,0,0,0 rpu_rtt_ms=-,-,-,-
t=2026-04-24T19:26:38-07:00 n=175 running=False ch0=- ch1=- ch2=- ch3=- rss_kb=2756 srv_cpu=0.0 loadavg=2.30 temp_c=35.6 mode=rpu rpu_link=False pins=0,0,0,0 shm_ok=True shm_magic=1514947908 shm_seq=89510 shm_flags=0 alerts_active=0 events_tail=30 rpu_conf=0,0,0,0 rpu_rtt_ms=-,-,-,-
# restart#87 2026-04-24T19:26:41-07:00: {"message":"Pipeline started (4 channels)","ok":true}
t=2026-04-24T19:27:23-07:00 n=176 running=True ch0=23.64 ch1=23.77 ch2=23.85 ch3=24.01 rss_kb=2756 srv_cpu=0.0 loadavg=3.15 temp_c=36.7 mode=rpu rpu_link=False pins=1,1,1,1 shm_ok=True shm_magic=1514947908 shm_seq=89634 shm_flags=15 alerts_active=4 events_tail=30 rpu_conf=0,0,0,0 rpu_rtt_ms=-,-,-,-
t=2026-04-24T19:27:54-07:00 n=177 running=False ch0=- ch1=- ch2=- ch3=- rss_kb=2756 srv_cpu=0.0 loadavg=2.01 temp_c=35.0 mode=rpu rpu_link=False pins=0,0,0,0 shm_ok=True shm_magic=1514947908 shm_seq=89650 shm_flags=0 alerts_active=0 events_tail=30 rpu_conf=0,0,0,0 rpu_rtt_ms=-,-,-,-
# restart#88 2026-04-24T19:27:57-07:00: {"message":"Pipeline started (4 channels)","ok":true}
t=2026-04-24T19:28:39-07:00 n=178 running=True ch0=23.84 ch1=23.92 ch2=23.95 ch3=23.88 rss_kb=2756 srv_cpu=0.0 loadavg=2.65 temp_c=37.3 mode=rpu rpu_link=False pins=1,1,1,1 shm_ok=True shm_magic=1514947908 shm_seq=89774 shm_flags=15 alerts_active=4 events_tail=30 rpu_conf=0,0,0,0 rpu_rtt_ms=-,-,-,-
t=2026-04-24T19:29:10-07:00 n=179 running=False ch0=- ch1=- ch2=- ch3=- rss_kb=2756 srv_cpu=0.0 loadavg=1.85 temp_c=35.1 mode=rpu rpu_link=False pins=0,0,0,0 shm_ok=True shm_magic=1514947908 shm_seq=89790 shm_flags=0 alerts_active=0 events_tail=30 rpu_conf=0,0,0,0 rpu_rtt_ms=-,-,-,-
# restart#89 2026-04-24T19:29:13-07:00: {"message":"Pipeline started (4 channels)","ok":true}
t=2026-04-24T19:29:55-07:00 n=180 running=True ch0=23.71 ch1=23.83 ch2=23.90 ch3=23.93 rss_kb=2756 srv_cpu=0.0 loadavg=3.20 temp_c=36.8 mode=rpu rpu_link=False pins=1,1,1,1 shm_ok=True shm_magic=1514947908 shm_seq=89914 shm_flags=15 alerts_active=4 events_tail=30 rpu_conf=0,0,0,0 rpu_rtt_ms=-,-,-,-
t=2026-04-24T19:30:26-07:00 n=181 running=False ch0=- ch1=- ch2=- ch3=- rss_kb=2756 srv_cpu=0.0 loadavg=2.04 temp_c=34.0 mode=rpu rpu_link=False pins=0,0,0,0 shm_ok=True shm_magic=1514947908 shm_seq=89930 shm_flags=0 alerts_active=0 events_tail=30 rpu_conf=0,0,0,0 rpu_rtt_ms=-,-,-,-
# restart#90 2026-04-24T19:30:29-07:00: {"message":"Pipeline started (4 channels)","ok":true}
t=2026-04-24T19:31:11-07:00 n=182 running=True ch0=23.91 ch1=23.87 ch2=23.90 ch3=23.89 rss_kb=2756 srv_cpu=0.0 loadavg=2.87 temp_c=38.2 mode=rpu rpu_link=False pins=1,1,1,1 shm_ok=True shm_magic=1514947908 shm_seq=90054 shm_flags=15 alerts_active=4 events_tail=30 rpu_conf=0,0,0,0 rpu_rtt_ms=-,-,-,-
t=2026-04-24T19:31:42-07:00 n=183 running=False ch0=- ch1=- ch2=- ch3=- rss_kb=2756 srv_cpu=0.0 loadavg=1.84 temp_c=35.4 mode=rpu rpu_link=False pins=0,0,0,0 shm_ok=True shm_magic=1514947908 shm_seq=90070 shm_flags=0 alerts_active=0 events_tail=30 rpu_conf=0,0,0,0 rpu_rtt_ms=-,-,-,-
# restart#91 2026-04-24T19:31:45-07:00: {"message":"Pipeline started (4 channels)","ok":true}
t=2026-04-24T19:32:27-07:00 n=184 running=True ch0=23.91 ch1=23.88 ch2=23.72 ch3=23.91 rss_kb=2756 srv_cpu=0.0 loadavg=2.56 temp_c=37.1 mode=rpu rpu_link=False pins=1,1,1,1 shm_ok=True shm_magic=1514947908 shm_seq=90194 shm_flags=15 alerts_active=4 events_tail=30 rpu_conf=0,0,0,0 rpu_rtt_ms=-,-,-,-
t=2026-04-24T19:32:58-07:00 n=185 running=False ch0=- ch1=- ch2=- ch3=- rss_kb=2756 srv_cpu=0.0 loadavg=1.61 temp_c=35.2 mode=rpu rpu_link=False pins=0,0,0,0 shm_ok=True shm_magic=1514947908 shm_seq=90210 shm_flags=0 alerts_active=0 events_tail=30 rpu_conf=0,0,0,0 rpu_rtt_ms=-,-,-,-
# restart#92 2026-04-24T19:33:01-07:00: {"message":"Pipeline started (4 channels)","ok":true}
t=2026-04-24T19:33:43-07:00 n=186 running=True ch0=23.94 ch1=23.88 ch2=24.10 ch3=23.88 rss_kb=2756 srv_cpu=0.0 loadavg=2.67 temp_c=37.7 mode=rpu rpu_link=False pins=1,1,1,1 shm_ok=True shm_magic=1514947908 shm_seq=90334 shm_flags=15 alerts_active=4 events_tail=30 rpu_conf=0,0,0,0 rpu_rtt_ms=-,-,-,-
t=2026-04-24T19:34:14-07:00 n=187 running=False ch0=- ch1=- ch2=- ch3=- rss_kb=2756 srv_cpu=0.0 loadavg=1.84 temp_c=35.7 mode=rpu rpu_link=False pins=0,0,0,0 shm_ok=True shm_magic=1514947908 shm_seq=90350 shm_flags=0 alerts_active=0 events_tail=30 rpu_conf=0,0,0,0 rpu_rtt_ms=-,-,-,-
# restart#93 2026-04-24T19:34:17-07:00: {"message":"Pipeline started (4 channels)","ok":true}
t=2026-04-24T19:34:59-07:00 n=188 running=True ch0=23.87 ch1=23.96 ch2=23.71 ch3=23.90 rss_kb=2756 srv_cpu=0.0 loadavg=2.54 temp_c=37.6 mode=rpu rpu_link=False pins=1,1,1,1 shm_ok=True shm_magic=1514947908 shm_seq=90474 shm_flags=15 alerts_active=4 events_tail=30 rpu_conf=0,0,0,0 rpu_rtt_ms=-,-,-,-
t=2026-04-24T19:35:30-07:00 n=189 running=False ch0=- ch1=- ch2=- ch3=- rss_kb=2756 srv_cpu=0.0 loadavg=1.64 temp_c=36.0 mode=rpu rpu_link=False pins=0,0,0,0 shm_ok=True shm_magic=1514947908 shm_seq=90490 shm_flags=0 alerts_active=0 events_tail=30 rpu_conf=0,0,0,0 rpu_rtt_ms=-,-,-,-
# restart#94 2026-04-24T19:35:33-07:00: {"message":"Pipeline started (4 channels)","ok":true}
t=2026-04-24T19:36:15-07:00 n=190 running=True ch0=23.91 ch1=23.91 ch2=23.95 ch3=23.87 rss_kb=2756 srv_cpu=0.0 loadavg=3.01 temp_c=37.5 mode=rpu rpu_link=False pins=1,1,1,1 shm_ok=True shm_magic=1514947908 shm_seq=90614 shm_flags=15 alerts_active=4 events_tail=30 rpu_conf=0,0,0,0 rpu_rtt_ms=-,-,-,-
{"message":"Pipeline is not running","ok":false}

# stopped 2026-04-24T19:36:46-07:00 samples=190 restarts=94
=== SUMMARY ===
samples=190 restarts=94
RSS KB: first=2756 last=2756 max=2756 min=2756 drift=+0 (+0.00%)
server CPU%: mean=0.00 max=0.00
SoC temp C: mean=36.09 max=39.30
ch0 fps: n=96 mean=23.88 min=22.48 max=24.19
ch1 fps: n=96 mean=23.88 min=23.07 max=24.07
ch2 fps: n=96 mean=23.87 min=22.99 max=24.10
ch3 fps: n=96 mean=23.89 min=23.26 max=24.13
